Log file open, 06/16/19 23:05:28
LogWindows: Failed to load 'aqProf.dll' (GetLastError=126)
LogWindows: File 'aqProf.dll' does not exist
LogWindows: Failed to load 'VtuneApi.dll' (GetLastError=126)
LogWindows: File 'VtuneApi.dll' does not exist
LogWindows: Failed to load 'VtuneApi32e.dll' (GetLastError=126)
LogWindows: File 'VtuneApi32e.dll' does not exist
LogConsoleResponse: Display: Failed to find resolution value strings in scalability ini. Falling back to default.
LogInit: Display: Running engine for game: FlightGame
LogPakFile: Registered encryption key '00000000000000000000000000000000': 0 pak files mounted, 0 remain pending
LogPlatformFile: Not using cached read wrapper
LogTaskGraph: Started task graph with 5 named threads and 23 total threads with 3 sets of task threads.
LogStats: Stats thread started at 0.472429
LogD3D11RHI: Loaded GFSDK_Aftermath_Lib.x64.dll
LogICUInternationalization: ICU TimeZone Detection - Raw Offset: -8:00, Platform Override: ''
LogPluginManager: Mounting plugin Paper2D
LogPluginManager: Mounting plugin AISupport
LogPluginManager: Mounting plugin LightPropagationVolume
LogPluginManager: Mounting plugin ActorLayerUtilities
LogPluginManager: Mounting plugin AnimationSharing
LogPluginManager: Mounting plugin CLionSourceCodeAccess
LogPluginManager: Mounting plugin CodeLiteSourceCodeAccess
LogPluginManager: Mounting plugin GitSourceControl
LogPluginManager: Mounting plugin KDevelopSourceCodeAccess
LogPluginManager: Mounting plugin NullSourceCodeAccess
LogPluginManager: Mounting plugin PerforceSourceControl
LogPluginManager: Mounting plugin SubversionSourceControl
LogPluginManager: Mounting plugin UObjectPlugin
LogPluginManager: Mounting plugin VisualStudioCodeSourceCodeAccess
LogPluginManager: Mounting plugin VisualStudioSourceCodeAccess
LogPluginManager: Mounting plugin XCodeSourceCodeAccess
LogPluginManager: Mounting plugin AssetManagerEditor
LogPluginManager: Mounting plugin CryptoKeys
LogPluginManager: Mounting plugin DataValidation
LogPluginManager: Mounting plugin FacialAnimation
LogPluginManager: Mounting plugin GameplayTagsEditor
LogPluginManager: Mounting plugin MacGraphicsSwitching
LogPluginManager: Mounting plugin MaterialAnalyzer
LogPluginManager: Mounting plugin MobileLauncherProfileWizard
LogPluginManager: Mounting plugin PluginBrowser
LogPluginManager: Mounting plugin SpeedTreeImporter
LogPluginManager: Mounting plugin DatasmithContent
LogPluginManager: Mounting plugin VariantManagerContent
LogPluginManager: Mounting plugin AlembicImporter
LogPluginManager: Mounting plugin AppleImageUtils
LogPluginManager: Mounting plugin AppleVision
LogPluginManager: Mounting plugin BackChannel
LogPluginManager: Mounting plugin CharacterAI
LogPluginManager: Mounting plugin GeometryCache
LogPluginManager: Mounting plugin HTML5Networking
LogPluginManager: Mounting plugin ProxyLODPlugin
LogPluginManager: Mounting plugin SkeletalReduction
LogPluginManager: Mounting plugin MagicLeap
LogPluginManager: Mounting plugin MagicLeapMedia
LogPluginManager: Mounting plugin AndroidMedia
LogPluginManager: Mounting plugin AvfMedia
LogPluginManager: Mounting plugin ImgMedia
LogPluginManager: Mounting plugin LinearTimecode
LogPluginManager: Mounting plugin MediaCompositing
LogPluginManager: Mounting plugin MediaPlayerEditor
LogPluginManager: Mounting plugin WebMMedia
LogPluginManager: Mounting plugin WmfMedia
LogPluginManager: Mounting plugin TcpMessaging
LogPluginManager: Mounting plugin UdpMessaging
LogPluginManager: Mounting plugin ActorSequence
LogPluginManager: Mounting plugin LevelSequenceEditor
LogPluginManager: Mounting plugin MatineeToLevelSequence
LogPluginManager: Mounting plugin NetcodeUnitTest
LogPluginManager: Mounting plugin NUTUnrealEngine4
LogPluginManager: Mounting plugin OnlineSubsystemGooglePlay
LogPluginManager: Mounting plugin OnlineSubsystemIOS
LogPluginManager: Mounting plugin OnlineSubsystem
LogPluginManager: Mounting plugin OnlineSubsystemNull
LogPluginManager: Mounting plugin OnlineSubsystemUtils
LogPluginManager: Mounting plugin LauncherChunkInstaller
LogPluginManager: Mounting plugin AndroidDeviceProfileSelector
LogPluginManager: Mounting plugin AndroidMoviePlayer
LogPluginManager: Mounting plugin AndroidPermission
LogPluginManager: Mounting plugin AppleMoviePlayer
LogPluginManager: Mounting plugin ArchVisCharacter
LogPluginManager: Mounting plugin AudioCapture
LogPluginManager: Mounting plugin CableComponent
LogPluginManager: Mounting plugin CustomMeshComponent
LogPluginManager: Mounting plugin EditableMesh
LogPluginManager: Mounting plugin ExampleDeviceProfileSelector
LogPluginManager: Mounting plugin Firebase
LogPluginManager: Mounting plugin GoogleCloudMessaging
LogPluginManager: Mounting plugin IOSDeviceProfileSelector
LogPluginManager: Mounting plugin LinuxDeviceProfileSelector
LogPluginManager: Mounting plugin LocationServicesBPLibrary
LogPluginManager: Mounting plugin MobilePatchingUtils
LogPluginManager: Mounting plugin OculusVR
LogPluginManager: Mounting plugin PhysXVehicles
LogPluginManager: Mounting plugin ProceduralMeshComponent
LogPluginManager: Mounting plugin RuntimePhysXCooking
LogPluginManager: Mounting plugin SignificanceManager
LogPluginManager: Mounting plugin SteamVR
LogPluginManager: Mounting plugin WebMMoviePlayer
LogPluginManager: Mounting plugin WindowsMoviePlayer
LogInit: Using libcurl 7.55.1-DEV
LogInit:  - built for x86_64-pc-win32
LogInit:  - supports SSL with OpenSSL/1.1.1
LogInit:  - supports HTTP deflate (compression) using libz 1.2.8
LogInit:  - other features:
LogInit:      CURL_VERSION_SSL
LogInit:      CURL_VERSION_LIBZ
LogInit:      CURL_VERSION_IPV6
LogInit:      CURL_VERSION_ASYNCHDNS
LogInit:      CURL_VERSION_LARGEFILE
LogInit:      CURL_VERSION_IDN
LogInit:  CurlRequestOptions (configurable via config and command line):
LogInit:  - bVerifyPeer = true  - Libcurl will verify peer certificate
LogInit:  - bUseHttpProxy = false  - Libcurl will NOT use HTTP proxy
LogInit:  - bDontReuseConnections = false  - Libcurl will reuse connections
LogInit:  - MaxHostConnections = 16  - Libcurl will limit the number of connections to a host
LogInit:  - LocalHostAddr = Default
LogInit:  - BufferSize = 65536
LogInit: WinSock: version 1.1 (2.2), MaxSocks=32767, MaxUdp=65467
LogInit: Build: ++UE4+Release-4.22-CL-0
LogInit: Engine Version: 4.22.0-0+++UE4+Release-4.22
LogInit: Compatible Engine Version: 4.22.0-0+++UE4+Release-4.22
LogInit: Net CL: 0
LogInit: OS: Windows 10 (Release 1803) (), CPU: Intel(R) Core(TM) i7-6700 CPU @ 3.40GHz, GPU: Intel(R) HD Graphics 530
LogInit: Compiled (64-bit): Apr 23 2019 00:50:57
LogInit: Compiled with Visual C++: 19.16.27030.01
LogInit: Build Configuration: Development
LogInit: Branch Name: ++UE4+Release-4.22
LogInit: Command Line:  -skipcompile
LogInit: Base Directory: C:/Users/Dustin/Documents/GitHub/UnrealEngine/Engine/Binaries/Win64/
LogInit: Installed Engine Build: 0
LogDevObjectVersion: Number of dev versions registered: 23
LogDevObjectVersion:   Dev-Blueprints (B0D832E4-1F89-4F0D-ACCF-7EB736FD4AA2): 10
LogDevObjectVersion:   Dev-Build (E1C64328-A22C-4D53-A36C-8E866417BD8C): 0
LogDevObjectVersion:   Dev-Core (375EC13C-06E4-48FB-B500-84F0262A717E): 3
LogDevObjectVersion:   Dev-Editor (E4B068ED-F494-42E9-A231-DA0B2E46BB41): 30
LogDevObjectVersion:   Dev-Framework (CFFC743F-43B0-4480-9391-14DF171D2073): 35
LogDevObjectVersion:   Dev-Mobile (B02B49B5-BB20-44E9-A304-32B752E40360): 2
LogDevObjectVersion:   Dev-Networking (A4E4105C-59A1-49B5-A7C5-40C4547EDFEE): 0
LogDevObjectVersion:   Dev-Online (39C831C9-5AE6-47DC-9A44-9C173E1C8E7C): 0
LogDevObjectVersion:   Dev-Physics (78F01B33-EBEA-4F98-B9B4-84EACCB95AA2): 0
LogDevObjectVersion:   Dev-Platform (6631380F-2D4D-43E0-8009-CF276956A95A): 0
LogDevObjectVersion:   Dev-Rendering (12F88B9F-8875-4AFC-A67C-D90C383ABD29): 28
LogDevObjectVersion:   Dev-Sequencer (7B5AE74C-D270-4C10-A958-57980B212A5A): 11
LogDevObjectVersion:   Dev-VR (D7296918-1DD6-4BDD-9DE2-64A83CC13884): 2
LogDevObjectVersion:   Dev-LoadTimes (C2A15278-BFE7-4AFE-6C17-90FF531DF755): 1
LogDevObjectVersion:   Private-Geometry (6EACA3D4-40EC-4CC1-B786-8BED09428FC5): 3
LogDevObjectVersion:   Dev-AnimPhys (29E575DD-E0A3-4627-9D10-D276232CDCEA): 17
LogDevObjectVersion:   Dev-Anim (AF43A65D-7FD3-4947-9873-3E8ED9C1BB05): 2
LogDevObjectVersion:   Dev-ReflectionCapture (6B266CEC-1EC7-4B8F-A30B-E4D90942FC07): 1
LogDevObjectVersion:   Dev-Automation (0DF73D61-A23F-47EA-B727-89E90C41499A): 1
LogDevObjectVersion:   FortniteMain (601D1886-AC64-4F84-AA16-D3DE0DEAC7D6): 25
LogDevObjectVersion:   Dev-Enterprise (9DFFBCD6-494F-0158-E221-12823C92A888): 6
LogDevObjectVersion:   Dev-Niagara (F2AED0AC-9AFE-416F-8664-AA7FFA26D6FC): 1
LogDevObjectVersion:   Dev-Destruction (174F1F0B-B4C6-45A5-B13F-2EE8D0FB917D): 2
LogInit: Presizing for max 16777216 objects, including 0 objects not considered by GC, pre-allocating 0 bytes for permanent pool.
LogInit: Object subsystem initialized
LogConfig: Setting CVar [[con.DebugEarlyDefault:1]]
LogConfig: Setting CVar [[r.setres:1280x720]]
[2019.06.17-06.05.30:309][  0]LogConfig: Setting CVar [[r.VSync:0]]
[2019.06.17-06.05.30:309][  0]LogConfig: Setting CVar [[r.RHICmdBypass:0]]
[2019.06.17-06.05.30:309][  0]LogConfig: Applying CVar settings from Section [/Script/Engine.RendererSettings] File [C:/Users/Dustin/Documents/unrealprojects/unrealprojects/FlightGame/Saved/Config/Windows/Engine.ini]
[2019.06.17-06.05.30:309][  0]LogConfig: Setting CVar [[r.GPUCrashDebugging:0]]
[2019.06.17-06.05.30:309][  0]LogConfig: Applying CVar settings from Section [/Script/Engine.RendererOverrideSettings] File [C:/Users/Dustin/Documents/unrealprojects/unrealprojects/FlightGame/Saved/Config/Windows/Engine.ini]
[2019.06.17-06.05.30:309][  0]LogConfig: Applying CVar settings from Section [/Script/Engine.StreamingSettings] File [C:/Users/Dustin/Documents/unrealprojects/unrealprojects/FlightGame/Saved/Config/Windows/Engine.ini]
[2019.06.17-06.05.30:309][  0]LogConfig: Setting CVar [[s.MinBulkDataSizeForAsyncLoading:131072]]
[2019.06.17-06.05.30:310][  0]LogConfig: Setting CVar [[s.AsyncLoadingThreadEnabled:0]]
[2019.06.17-06.05.30:310][  0]LogConfig: Setting CVar [[s.EventDrivenLoaderEnabled:1]]
[2019.06.17-06.05.30:310][  0]LogConfig: Setting CVar [[s.WarnIfTimeLimitExceeded:0]]
[2019.06.17-06.05.30:310][  0]LogConfig: Setting CVar [[s.TimeLimitExceededMultiplier:1.5]]
[2019.06.17-06.05.30:310][  0]LogConfig: Setting CVar [[s.TimeLimitExceededMinTime:0.005]]
[2019.06.17-06.05.30:310][  0]LogConfig: Setting CVar [[s.UseBackgroundLevelStreaming:1]]
[2019.06.17-06.05.30:310][  0]LogConfig: Setting CVar [[s.PriorityAsyncLoadingExtraTime:15.0]]
[2019.06.17-06.05.30:310][  0]LogConfig: Setting CVar [[s.LevelStreamingActorsUpdateTimeLimit:5.0]]
[2019.06.17-06.05.30:310][  0]LogConfig: Setting CVar [[s.PriorityLevelStreamingActorsUpdateExtraTime:5.0]]
[2019.06.17-06.05.30:310][  0]LogConfig: Setting CVar [[s.LevelStreamingComponentsRegistrationGranularity:10]]
[2019.06.17-06.05.30:310][  0]LogConfig: Setting CVar [[s.UnregisterComponentsTimeLimit:1.0]]
[2019.06.17-06.05.30:310][  0]LogConfig: Setting CVar [[s.LevelStreamingComponentsUnregistrationGranularity:5]]
[2019.06.17-06.05.30:310][  0]LogConfig: Applying CVar settings from Section [/Script/Engine.GarbageCollectionSettings] File [C:/Users/Dustin/Documents/unrealprojects/unrealprojects/FlightGame/Saved/Config/Windows/Engine.ini]
[2019.06.17-06.05.30:310][  0]LogConfig: Setting CVar [[gc.MaxObjectsNotConsideredByGC:1]]
[2019.06.17-06.05.30:310][  0]LogConfig: Setting CVar [[gc.SizeOfPermanentObjectPool:0]]
[2019.06.17-06.05.30:310][  0]LogConfig: Setting CVar [[gc.FlushStreamingOnGC:0]]
[2019.06.17-06.05.30:311][  0]LogConfig: Setting CVar [[gc.NumRetriesBeforeForcingGC:10]]
[2019.06.17-06.05.30:311][  0]LogConfig: Setting CVar [[gc.AllowParallelGC:1]]
[2019.06.17-06.05.30:311][  0]LogConfig: Setting CVar [[gc.TimeBetweenPurgingPendingKillObjects:61.1]]
[2019.06.17-06.05.30:311][  0]LogConfig: Setting CVar [[gc.MaxObjectsInEditor:16777216]]
[2019.06.17-06.05.30:311][  0]LogConfig: Setting CVar [[gc.IncrementalBeginDestroyEnabled:1]]
[2019.06.17-06.05.30:311][  0]LogConfig: Setting CVar [[gc.CreateGCClusters:1]]
[2019.06.17-06.05.30:311][  0]LogConfig: Setting CVar [[gc.MinGCClusterSize:5]]
[2019.06.17-06.05.30:311][  0]LogConfig: Setting CVar [[gc.ActorClusteringEnabled:0]]
[2019.06.17-06.05.30:311][  0]LogConfig: Setting CVar [[gc.BlueprintClusteringEnabled:0]]
[2019.06.17-06.05.30:311][  0]LogConfig: Setting CVar [[gc.UseDisregardForGCOnDedicatedServers:0]]
[2019.06.17-06.05.30:311][  0]LogConfig: Applying CVar settings from Section [/Script/Engine.NetworkSettings] File [C:/Users/Dustin/Documents/unrealprojects/unrealprojects/FlightGame/Saved/Config/Windows/Engine.ini]
[2019.06.17-06.05.30:311][  0]LogConfig: Applying CVar settings from Section [/Script/UnrealEd.CookerSettings] File [C:/Users/Dustin/Documents/unrealprojects/unrealprojects/FlightGame/Saved/Config/Windows/Engine.ini]
[2019.06.17-06.05.30:319][  0]LogConfig: Applying CVar settings from Section [ViewDistanceQuality@3] File [C:/Users/Dustin/Documents/unrealprojects/unrealprojects/FlightGame/Saved/Config/Windows/Scalability.ini]
[2019.06.17-06.05.30:319][  0]LogConfig: Setting CVar [[r.SkeletalMeshLODBias:0]]
[2019.06.17-06.05.30:319][  0]LogConfig: Setting CVar [[r.ViewDistanceScale:1.0]]
[2019.06.17-06.05.30:319][  0]LogConfig: Applying CVar settings from Section [AntiAliasingQuality@3] File [C:/Users/Dustin/Documents/unrealprojects/unrealprojects/FlightGame/Saved/Config/Windows/Scalability.ini]
[2019.06.17-06.05.30:319][  0]LogConfig: Setting CVar [[r.PostProcessAAQuality:4]]
[2019.06.17-06.05.30:319][  0]LogConfig: Applying CVar settings from Section [ShadowQuality@3] File [C:/Users/Dustin/Documents/unrealprojects/unrealprojects/FlightGame/Saved/Config/Windows/Scalability.ini]
[2019.06.17-06.05.30:319][  0]LogConfig: Setting CVar [[r.LightFunctionQuality:1]]
[2019.06.17-06.05.30:319][  0]LogConfig: Setting CVar [[r.ShadowQuality:5]]
[2019.06.17-06.05.30:319][  0]LogConfig: Setting CVar [[r.Shadow.CSM.MaxCascades:10]]
[2019.06.17-06.05.30:319][  0]LogConfig: Setting CVar [[r.Shadow.MaxResolution:2048]]
[2019.06.17-06.05.30:319][  0]LogConfig: Setting CVar [[r.Shadow.MaxCSMResolution:2048]]
[2019.06.17-06.05.30:319][  0]LogConfig: Setting CVar [[r.Shadow.RadiusThreshold:0.01]]
[2019.06.17-06.05.30:319][  0]LogConfig: Setting CVar [[r.Shadow.DistanceScale:1.0]]
[2019.06.17-06.05.30:319][  0]LogConfig: Setting CVar [[r.Shadow.CSM.TransitionScale:1.0]]
[2019.06.17-06.05.30:320][  0]LogConfig: Setting CVar [[r.Shadow.PreShadowResolutionFactor:1.0]]
[2019.06.17-06.05.30:320][  0]LogConfig: Setting CVar [[r.DistanceFieldShadowing:1]]
[2019.06.17-06.05.30:320][  0]LogConfig: Setting CVar [[r.DistanceFieldAO:1]]
[2019.06.17-06.05.30:320][  0]LogConfig: Setting CVar [[r.AOQuality:2]]
[2019.06.17-06.05.30:320][  0]LogConfig: Setting CVar [[r.VolumetricFog:1]]
[2019.06.17-06.05.30:320][  0]LogConfig: Setting CVar [[r.VolumetricFog.GridPixelSize:8]]
[2019.06.17-06.05.30:320][  0]LogConfig: Setting CVar [[r.VolumetricFog.GridSizeZ:128]]
[2019.06.17-06.05.30:320][  0]LogConfig: Setting CVar [[r.VolumetricFog.HistoryMissSupersampleCount:4]]
[2019.06.17-06.05.30:320][  0]LogConfig: Setting CVar [[r.LightMaxDrawDistanceScale:1]]
[2019.06.17-06.05.30:320][  0]LogConfig: Setting CVar [[r.CapsuleShadows:1]]
[2019.06.17-06.05.30:321][  0]LogConfig: Applying CVar settings from Section [PostProcessQuality@3] File [C:/Users/Dustin/Documents/unrealprojects/unrealprojects/FlightGame/Saved/Config/Windows/Scalability.ini]
[2019.06.17-06.05.30:321][  0]LogConfig: Setting CVar [[r.MotionBlurQuality:4]]
[2019.06.17-06.05.30:321][  0]LogConfig: Setting CVar [[r.AmbientOcclusionMipLevelFactor:0.4]]
[2019.06.17-06.05.30:321][  0]LogConfig: Setting CVar [[r.AmbientOcclusionMaxQuality:100]]
[2019.06.17-06.05.30:321][  0]LogConfig: Setting CVar [[r.AmbientOcclusionLevels:-1]]
[2019.06.17-06.05.30:321][  0]LogConfig: Setting CVar [[r.AmbientOcclusionRadiusScale:1.0]]
[2019.06.17-06.05.30:321][  0]LogConfig: Setting CVar [[r.DepthOfFieldQuality:2]]
[2019.06.17-06.05.30:321][  0]LogConfig: Setting CVar [[r.RenderTargetPoolMin:400]]
[2019.06.17-06.05.30:321][  0]LogConfig: Setting CVar [[r.LensFlareQuality:2]]
[2019.06.17-06.05.30:321][  0]LogConfig: Setting CVar [[r.SceneColorFringeQuality:1]]
[2019.06.17-06.05.30:321][  0]LogConfig: Setting CVar [[r.EyeAdaptationQuality:2]]
[2019.06.17-06.05.30:321][  0]LogConfig: Setting CVar [[r.BloomQuality:5]]
[2019.06.17-06.05.30:321][  0]LogConfig: Setting CVar [[r.FastBlurThreshold:100]]
[2019.06.17-06.05.30:321][  0]LogConfig: Setting CVar [[r.Upscale.Quality:3]]
[2019.06.17-06.05.30:321][  0]LogConfig: Setting CVar [[r.Tonemapper.GrainQuantization:1]]
[2019.06.17-06.05.30:321][  0]LogConfig: Setting CVar [[r.LightShaftQuality:1]]
[2019.06.17-06.05.30:321][  0]LogConfig: Setting CVar [[r.Filter.SizeScale:1]]
[2019.06.17-06.05.30:322][  0]LogConfig: Setting CVar [[r.Tonemapper.Quality:5]]
[2019.06.17-06.05.30:322][  0]LogConfig: Setting CVar [[r.DOF.Gather.AccumulatorQuality:1        ; higher gathering accumulator quality]]
[2019.06.17-06.05.30:322][  0]LogConfig: Setting CVar [[r.DOF.Gather.PostfilterMethod:1          ; Median3x3 postfilering method]]
[2019.06.17-06.05.30:322][  0]LogConfig: Setting CVar [[r.DOF.Gather.EnableBokehSettings:0       ; no bokeh simulation when gathering]]
[2019.06.17-06.05.30:322][  0]LogConfig: Setting CVar [[r.DOF.Gather.RingCount:4                 ; medium number of samples when gathering]]
[2019.06.17-06.05.30:322][  0]LogConfig: Setting CVar [[r.DOF.Scatter.ForegroundCompositing:1    ; additive foreground scattering]]
[2019.06.17-06.05.30:322][  0]LogConfig: Setting CVar [[r.DOF.Scatter.BackgroundCompositing:2    ; additive background scattering]]
[2019.06.17-06.05.30:322][  0]LogConfig: Setting CVar [[r.DOF.Scatter.EnableBokehSettings:1      ; bokeh simulation when scattering]]
[2019.06.17-06.05.30:322][  0]LogConfig: Setting CVar [[r.DOF.Scatter.MaxSpriteRatio:0.1         ; only a maximum of 10% of scattered bokeh]]
[2019.06.17-06.05.30:322][  0]LogConfig: Setting CVar [[r.DOF.Recombine.Quality:1                ; cheap slight out of focus]]
[2019.06.17-06.05.30:322][  0]LogConfig: Setting CVar [[r.DOF.Recombine.EnableBokehSettings:0    ; no bokeh simulation on slight out of focus]]
[2019.06.17-06.05.30:322][  0]LogConfig: Setting CVar [[r.DOF.TemporalAAQuality:1                ; more stable temporal accumulation]]
[2019.06.17-06.05.30:322][  0]LogConfig: Setting CVar [[r.DOF.Kernel.MaxForegroundRadius:0.025]]
[2019.06.17-06.05.30:322][  0]LogConfig: Setting CVar [[r.DOF.Kernel.MaxBackgroundRadius:0.025]]
[2019.06.17-06.05.30:322][  0]LogConfig: Applying CVar settings from Section [TextureQuality@3] File [C:/Users/Dustin/Documents/unrealprojects/unrealprojects/FlightGame/Saved/Config/Windows/Scalability.ini]
[2019.06.17-06.05.30:323][  0]LogConfig: Setting CVar [[r.Streaming.MipBias:0]]
[2019.06.17-06.05.30:323][  0]LogConfig: Setting CVar [[r.Streaming.AmortizeCPUToGPUCopy:0]]
[2019.06.17-06.05.30:323][  0]LogConfig: Setting CVar [[r.Streaming.MaxNumTexturesToStreamPerFrame:0]]
[2019.06.17-06.05.30:323][  0]LogConfig: Setting CVar [[r.Streaming.Boost:1]]
[2019.06.17-06.05.30:323][  0]LogConfig: Setting CVar [[r.MaxAnisotropy:8]]
[2019.06.17-06.05.30:323][  0]LogConfig: Setting CVar [[r.Streaming.LimitPoolSizeToVRAM:0]]
[2019.06.17-06.05.30:323][  0]LogConfig: Setting CVar [[r.Streaming.PoolSize:1000]]
[2019.06.17-06.05.30:323][  0]LogConfig: Setting CVar [[r.Streaming.MaxEffectiveScreenSize:0]]
[2019.06.17-06.05.30:323][  0]LogConfig: Applying CVar settings from Section [EffectsQuality@3] File [C:/Users/Dustin/Documents/unrealprojects/unrealprojects/FlightGame/Saved/Config/Windows/Scalability.ini]
[2019.06.17-06.05.30:323][  0]LogConfig: Setting CVar [[r.TranslucencyLightingVolumeDim:64]]
[2019.06.17-06.05.30:323][  0]LogConfig: Setting CVar [[r.RefractionQuality:2]]
[2019.06.17-06.05.30:324][  0]LogConfig: Setting CVar [[r.SSR.Quality:3]]
[2019.06.17-06.05.30:324][  0]LogConfig: Setting CVar [[r.SceneColorFormat:4]]
[2019.06.17-06.05.30:324][  0]LogConfig: Setting CVar [[r.DetailMode:2]]
[2019.06.17-06.05.30:324][  0]LogConfig: Setting CVar [[r.TranslucencyVolumeBlur:1]]
[2019.06.17-06.05.30:324][  0]LogConfig: Setting CVar [[r.MaterialQualityLevel:1 ; High quality]]
[2019.06.17-06.05.30:324][  0]LogConfig: Setting CVar [[r.SSS.Scale:1]]
[2019.06.17-06.05.30:324][  0]LogConfig: Setting CVar [[r.SSS.SampleSet:2]]
[2019.06.17-06.05.30:324][  0]LogConfig: Setting CVar [[r.SSS.Quality:1]]
[2019.06.17-06.05.30:324][  0]LogConfig: Setting CVar [[r.SSS.HalfRes:1]]
[2019.06.17-06.05.30:325][  0]LogConfig: Setting CVar [[r.EmitterSpawnRateScale:1.0]]
[2019.06.17-06.05.30:325][  0]LogConfig: Setting CVar [[r.ParticleLightQuality:2]]
[2019.06.17-06.05.30:325][  0]LogConfig: Applying CVar settings from Section [FoliageQuality@3] File [C:/Users/Dustin/Documents/unrealprojects/unrealprojects/FlightGame/Saved/Config/Windows/Scalability.ini]
[2019.06.17-06.05.30:325][  0]LogConfig: Setting CVar [[foliage.DensityScale:1.0]]
[2019.06.17-06.05.30:325][  0]LogConfig: Setting CVar [[grass.DensityScale:1.0]]
[2019.06.17-06.05.30:325][  0]LogInit: Selected Device Profile: [Windows]
[2019.06.17-06.05.30:325][  0]LogInit: Applying CVar settings loaded from the selected device profile: [Windows]
[2019.06.17-06.05.30:351][  0]LogHAL: Display: Platform has ~ 16 GB [17070321664 / 17179869184 / 16], which maps to Larger [LargestMinGB=32, LargerMinGB=12, DefaultMinGB=8, SmallerMinGB=6, SmallestMinGB=0)
[2019.06.17-06.05.30:351][  0]LogConfig: Setting CVar [[r.Vulkan.UseRealUBs:0		; Required until we fix HLR fall-out]]
[2019.06.17-06.05.30:351][  0]LogInit: Going up to parent DeviceProfile []
[2019.06.17-06.05.30:351][  0]LogConfig: Applying CVar settings from Section [ViewDistanceQuality@3] File [C:/Users/Dustin/Documents/unrealprojects/unrealprojects/FlightGame/Saved/Config/Windows/Scalability.ini]
[2019.06.17-06.05.30:351][  0]LogConfig: Setting CVar [[r.SkeletalMeshLODBias:0]]
[2019.06.17-06.05.30:351][  0]LogConfig: Setting CVar [[r.ViewDistanceScale:1.0]]
[2019.06.17-06.05.30:351][  0]LogConfig: Applying CVar settings from Section [AntiAliasingQuality@3] File [C:/Users/Dustin/Documents/unrealprojects/unrealprojects/FlightGame/Saved/Config/Windows/Scalability.ini]
[2019.06.17-06.05.30:351][  0]LogConfig: Setting CVar [[r.PostProcessAAQuality:4]]
[2019.06.17-06.05.30:351][  0]LogConfig: Applying CVar settings from Section [ShadowQuality@3] File [C:/Users/Dustin/Documents/unrealprojects/unrealprojects/FlightGame/Saved/Config/Windows/Scalability.ini]
[2019.06.17-06.05.30:351][  0]LogConfig: Setting CVar [[r.LightFunctionQuality:1]]
[2019.06.17-06.05.30:351][  0]LogConfig: Setting CVar [[r.ShadowQuality:5]]
[2019.06.17-06.05.30:351][  0]LogConfig: Setting CVar [[r.Shadow.CSM.MaxCascades:10]]
[2019.06.17-06.05.30:351][  0]LogConfig: Setting CVar [[r.Shadow.MaxResolution:2048]]
[2019.06.17-06.05.30:351][  0]LogConfig: Setting CVar [[r.Shadow.MaxCSMResolution:2048]]
[2019.06.17-06.05.30:351][  0]LogConfig: Setting CVar [[r.Shadow.RadiusThreshold:0.01]]
[2019.06.17-06.05.30:351][  0]LogConfig: Setting CVar [[r.Shadow.DistanceScale:1.0]]
[2019.06.17-06.05.30:351][  0]LogConfig: Setting CVar [[r.Shadow.CSM.TransitionScale:1.0]]
[2019.06.17-06.05.30:352][  0]LogConfig: Setting CVar [[r.Shadow.PreShadowResolutionFactor:1.0]]
[2019.06.17-06.05.30:352][  0]LogConfig: Setting CVar [[r.DistanceFieldShadowing:1]]
[2019.06.17-06.05.30:352][  0]LogConfig: Setting CVar [[r.DistanceFieldAO:1]]
[2019.06.17-06.05.30:352][  0]LogConfig: Setting CVar [[r.AOQuality:2]]
[2019.06.17-06.05.30:352][  0]LogConfig: Setting CVar [[r.VolumetricFog:1]]
[2019.06.17-06.05.30:352][  0]LogConfig: Setting CVar [[r.VolumetricFog.GridPixelSize:8]]
[2019.06.17-06.05.30:352][  0]LogConfig: Setting CVar [[r.VolumetricFog.GridSizeZ:128]]
[2019.06.17-06.05.30:352][  0]LogConfig: Setting CVar [[r.VolumetricFog.HistoryMissSupersampleCount:4]]
[2019.06.17-06.05.30:352][  0]LogConfig: Setting CVar [[r.LightMaxDrawDistanceScale:1]]
[2019.06.17-06.05.30:352][  0]LogConfig: Setting CVar [[r.CapsuleShadows:1]]
[2019.06.17-06.05.30:352][  0]LogConfig: Applying CVar settings from Section [PostProcessQuality@3] File [C:/Users/Dustin/Documents/unrealprojects/unrealprojects/FlightGame/Saved/Config/Windows/Scalability.ini]
[2019.06.17-06.05.30:352][  0]LogConfig: Setting CVar [[r.MotionBlurQuality:4]]
[2019.06.17-06.05.30:352][  0]LogConfig: Setting CVar [[r.AmbientOcclusionMipLevelFactor:0.4]]
[2019.06.17-06.05.30:352][  0]LogConfig: Setting CVar [[r.AmbientOcclusionMaxQuality:100]]
[2019.06.17-06.05.30:352][  0]LogConfig: Setting CVar [[r.AmbientOcclusionLevels:-1]]
[2019.06.17-06.05.30:352][  0]LogConfig: Setting CVar [[r.AmbientOcclusionRadiusScale:1.0]]
[2019.06.17-06.05.30:352][  0]LogConfig: Setting CVar [[r.DepthOfFieldQuality:2]]
[2019.06.17-06.05.30:352][  0]LogConfig: Setting CVar [[r.RenderTargetPoolMin:400]]
[2019.06.17-06.05.30:353][  0]LogConfig: Setting CVar [[r.LensFlareQuality:2]]
[2019.06.17-06.05.30:353][  0]LogConfig: Setting CVar [[r.SceneColorFringeQuality:1]]
[2019.06.17-06.05.30:353][  0]LogConfig: Setting CVar [[r.EyeAdaptationQuality:2]]
[2019.06.17-06.05.30:353][  0]LogConfig: Setting CVar [[r.BloomQuality:5]]
[2019.06.17-06.05.30:353][  0]LogConfig: Setting CVar [[r.FastBlurThreshold:100]]
[2019.06.17-06.05.30:353][  0]LogConfig: Setting CVar [[r.Upscale.Quality:3]]
[2019.06.17-06.05.30:353][  0]LogConfig: Setting CVar [[r.Tonemapper.GrainQuantization:1]]
[2019.06.17-06.05.30:353][  0]LogConfig: Setting CVar [[r.LightShaftQuality:1]]
[2019.06.17-06.05.30:353][  0]LogConfig: Setting CVar [[r.Filter.SizeScale:1]]
[2019.06.17-06.05.30:353][  0]LogConfig: Setting CVar [[r.Tonemapper.Quality:5]]
[2019.06.17-06.05.30:353][  0]LogConfig: Setting CVar [[r.DOF.Gather.AccumulatorQuality:1        ; higher gathering accumulator quality]]
[2019.06.17-06.05.30:353][  0]LogConfig: Setting CVar [[r.DOF.Gather.PostfilterMethod:1          ; Median3x3 postfilering method]]
[2019.06.17-06.05.30:353][  0]LogConfig: Setting CVar [[r.DOF.Gather.EnableBokehSettings:0       ; no bokeh simulation when gathering]]
[2019.06.17-06.05.30:353][  0]LogConfig: Setting CVar [[r.DOF.Gather.RingCount:4                 ; medium number of samples when gathering]]
[2019.06.17-06.05.30:353][  0]LogConfig: Setting CVar [[r.DOF.Scatter.ForegroundCompositing:1    ; additive foreground scattering]]
[2019.06.17-06.05.30:353][  0]LogConfig: Setting CVar [[r.DOF.Scatter.BackgroundCompositing:2    ; additive background scattering]]
[2019.06.17-06.05.30:353][  0]LogConfig: Setting CVar [[r.DOF.Scatter.EnableBokehSettings:1      ; bokeh simulation when scattering]]
[2019.06.17-06.05.30:353][  0]LogConfig: Setting CVar [[r.DOF.Scatter.MaxSpriteRatio:0.1         ; only a maximum of 10% of scattered bokeh]]
[2019.06.17-06.05.30:353][  0]LogConfig: Setting CVar [[r.DOF.Recombine.Quality:1                ; cheap slight out of focus]]
[2019.06.17-06.05.30:353][  0]LogConfig: Setting CVar [[r.DOF.Recombine.EnableBokehSettings:0    ; no bokeh simulation on slight out of focus]]
[2019.06.17-06.05.30:354][  0]LogConfig: Setting CVar [[r.DOF.TemporalAAQuality:1                ; more stable temporal accumulation]]
[2019.06.17-06.05.30:354][  0]LogConfig: Setting CVar [[r.DOF.Kernel.MaxForegroundRadius:0.025]]
[2019.06.17-06.05.30:354][  0]LogConfig: Setting CVar [[r.DOF.Kernel.MaxBackgroundRadius:0.025]]
[2019.06.17-06.05.30:354][  0]LogConfig: Applying CVar settings from Section [TextureQuality@3] File [C:/Users/Dustin/Documents/unrealprojects/unrealprojects/FlightGame/Saved/Config/Windows/Scalability.ini]
[2019.06.17-06.05.30:354][  0]LogConfig: Setting CVar [[r.Streaming.MipBias:0]]
[2019.06.17-06.05.30:354][  0]LogConfig: Setting CVar [[r.Streaming.AmortizeCPUToGPUCopy:0]]
[2019.06.17-06.05.30:354][  0]LogConfig: Setting CVar [[r.Streaming.MaxNumTexturesToStreamPerFrame:0]]
[2019.06.17-06.05.30:354][  0]LogConfig: Setting CVar [[r.Streaming.Boost:1]]
[2019.06.17-06.05.30:354][  0]LogConfig: Setting CVar [[r.MaxAnisotropy:8]]
[2019.06.17-06.05.30:354][  0]LogConfig: Setting CVar [[r.Streaming.LimitPoolSizeToVRAM:0]]
[2019.06.17-06.05.30:354][  0]LogConfig: Setting CVar [[r.Streaming.PoolSize:1000]]
[2019.06.17-06.05.30:354][  0]LogConfig: Setting CVar [[r.Streaming.MaxEffectiveScreenSize:0]]
[2019.06.17-06.05.30:354][  0]LogConfig: Applying CVar settings from Section [EffectsQuality@3] File [C:/Users/Dustin/Documents/unrealprojects/unrealprojects/FlightGame/Saved/Config/Windows/Scalability.ini]
[2019.06.17-06.05.30:355][  0]LogConfig: Setting CVar [[r.TranslucencyLightingVolumeDim:64]]
[2019.06.17-06.05.30:355][  0]LogConfig: Setting CVar [[r.RefractionQuality:2]]
[2019.06.17-06.05.30:355][  0]LogConfig: Setting CVar [[r.SSR.Quality:3]]
[2019.06.17-06.05.30:355][  0]LogConfig: Setting CVar [[r.SceneColorFormat:4]]
[2019.06.17-06.05.30:355][  0]LogConfig: Setting CVar [[r.DetailMode:2]]
[2019.06.17-06.05.30:355][  0]LogConfig: Setting CVar [[r.TranslucencyVolumeBlur:1]]
[2019.06.17-06.05.30:355][  0]LogConfig: Setting CVar [[r.MaterialQualityLevel:1 ; High quality]]
[2019.06.17-06.05.30:355][  0]LogConfig: Setting CVar [[r.SSS.Scale:1]]
[2019.06.17-06.05.30:355][  0]LogConfig: Setting CVar [[r.SSS.SampleSet:2]]
[2019.06.17-06.05.30:355][  0]LogConfig: Setting CVar [[r.SSS.Quality:1]]
[2019.06.17-06.05.30:355][  0]LogConfig: Setting CVar [[r.SSS.HalfRes:1]]
[2019.06.17-06.05.30:355][  0]LogConfig: Setting CVar [[r.EmitterSpawnRateScale:1.0]]
[2019.06.17-06.05.30:356][  0]LogConfig: Setting CVar [[r.ParticleLightQuality:2]]
[2019.06.17-06.05.30:356][  0]LogConfig: Applying CVar settings from Section [FoliageQuality@3] File [C:/Users/Dustin/Documents/unrealprojects/unrealprojects/FlightGame/Saved/Config/Windows/Scalability.ini]
[2019.06.17-06.05.30:356][  0]LogConfig: Setting CVar [[foliage.DensityScale:1.0]]
[2019.06.17-06.05.30:356][  0]LogConfig: Setting CVar [[grass.DensityScale:1.0]]
[2019.06.17-06.05.30:356][  0]LogConfig: Applying CVar settings from Section [Startup] File [../../../Engine/Config/ConsoleVariables.ini]
[2019.06.17-06.05.30:361][  0]LogConfig: Setting CVar [[net.UseAdaptiveNetUpdateFrequency:0]]
[2019.06.17-06.05.30:361][  0]LogConfig: Setting CVar [[p.chaos.AllowCreatePhysxBodies:1]]
[2019.06.17-06.05.30:361][  0]LogConfig: Applying CVar settings from Section [ConsoleVariables] File [C:/Users/Dustin/Documents/unrealprojects/unrealprojects/FlightGame/Saved/Config/Windows/Engine.ini]
[2019.06.17-06.05.30:361][  0]LogInit: Computer: DESKTOP-V60FDDF
[2019.06.17-06.05.30:361][  0]LogInit: User: Dustin
[2019.06.17-06.05.30:361][  0]LogInit: CPU Page size=4096, Cores=4
[2019.06.17-06.05.30:361][  0]LogInit: High frequency timer resolution =3.328130 MHz
[2019.06.17-06.05.30:361][  0]LogMemory: Memory total: Physical=15.9GB (16GB approx)
[2019.06.17-06.05.30:361][  0]LogMemory: Platform Memory Stats for Windows
[2019.06.17-06.05.30:361][  0]LogMemory: Process Physical Memory: 87.66 MB used, 87.66 MB peak
[2019.06.17-06.05.30:362][  0]LogMemory: Process Virtual Memory: 80.91 MB used, 80.91 MB peak
[2019.06.17-06.05.30:362][  0]LogMemory: Physical Memory: 5983.13 MB used,  10296.39 MB free, 16279.53 MB total
[2019.06.17-06.05.30:362][  0]LogMemory: Virtual Memory: 4640.10 MB used,  134213088.00 MB free, 134217728.00 MB total
[2019.06.17-06.05.30:721][  0]LogInit: Using OS detected language (en-US).
[2019.06.17-06.05.30:722][  0]LogInit: Using OS detected locale (en-US).
[2019.06.17-06.05.30:723][  0]LogTextLocalizationManager: No specific localization for 'en-US' exists, so the 'en' localization will be used.
[2019.06.17-06.05.30:907][  0]LogInit: Setting process to per monitor DPI aware
[2019.06.17-06.05.31:026][  0]LogSlate: New Slate User Created.  User Index 0, Is Virtual User: 0
[2019.06.17-06.05.31:026][  0]LogSlate: Slate User Registered.  User Index 0, Is Virtual User: 0
[2019.06.17-06.05.34:028][  0]LogHMD: Failed to initialize OpenVR with code 110
[2019.06.17-06.05.34:028][  0]LogD3D11RHI: D3D11 adapters:
[2019.06.17-06.05.34:081][  0]LogD3D11RHI:    0. 'Intel(R) HD Graphics 530' (Feature Level 11_0)
[2019.06.17-06.05.34:081][  0]LogD3D11RHI:       128/0/8139 MB DedicatedVideo/DedicatedSystem/SharedSystem, Outputs:1, VendorId:0x8086
[2019.06.17-06.05.34:086][  0]LogD3D11RHI:    1. 'Microsoft Basic Render Driver' (Feature Level 11_0)
[2019.06.17-06.05.34:086][  0]LogD3D11RHI:       0/0/8139 MB DedicatedVideo/DedicatedSystem/SharedSystem, Outputs:0, VendorId:0x1414
[2019.06.17-06.05.34:086][  0]LogD3D11RHI: Chosen D3D11 Adapter: 0
[2019.06.17-06.05.34:091][  0]LogD3D11RHI: Creating new Direct3DDevice
[2019.06.17-06.05.34:092][  0]LogD3D11RHI:     GPU DeviceId: 0x1912 (for the marketing name, search the web for "GPU Device Id")
[2019.06.17-06.05.34:092][  0]LogWindows: EnumDisplayDevices:
[2019.06.17-06.05.34:092][  0]LogWindows:    0. 'Intel(R) HD Graphics 530' (P:1 D:1)
[2019.06.17-06.05.34:093][  0]LogWindows:    1. 'Intel(R) HD Graphics 530' (P:0 D:0)
[2019.06.17-06.05.34:093][  0]LogWindows: DebugString: FoundDriverCount:2 
[2019.06.17-06.05.34:093][  0]LogD3D11RHI:     Adapter Name: Intel(R) HD Graphics 530
[2019.06.17-06.05.34:093][  0]LogD3D11RHI:   Driver Version: 24.20.100.6344 (internal:24.20.100.6344, unified:24.20.100.6344)
[2019.06.17-06.05.34:093][  0]LogD3D11RHI:      Driver Date: 9-14-2018
[2019.06.17-06.05.34:093][  0]LogRHI: Texture pool is 1523 MB (70% of 2176 MB)
[2019.06.17-06.05.34:135][  0]LogD3D11RHI: Async texture creation enabled
[2019.06.17-06.05.34:139][  0]LogRendererCore: FGlobalReadBuffer::InitRHI
[2019.06.17-06.05.34:140][  0]LogRendererCore: FGlobalReadBuffer::InitRHI
[2019.06.17-06.05.34:140][  0]LogRendererCore: FGlobalReadBuffer::InitRHI
[2019.06.17-06.05.34:143][  0]LogD3D11RHI: GPU Timing Frequency: 12.000048 (Debug: 2 0)
[2019.06.17-06.05.34:477][  0]LogTemp: Display: Module 'AllDesktopTargetPlatform' loaded TargetPlatform 'AllDesktop'
[2019.06.17-06.05.34:542][  0]LogTemp: Display: Module 'MacClientTargetPlatform' loaded TargetPlatform 'MacClient'
[2019.06.17-06.05.34:595][  0]LogTemp: Display: Module 'MacNoEditorTargetPlatform' loaded TargetPlatform 'MacNoEditor'
[2019.06.17-06.05.34:649][  0]LogTemp: Display: Module 'MacServerTargetPlatform' loaded TargetPlatform 'MacServer'
[2019.06.17-06.05.34:706][  0]LogTemp: Display: Module 'MacTargetPlatform' loaded TargetPlatform 'Mac'
[2019.06.17-06.05.34:740][  0]LogTemp: Display: Module 'WindowsClientTargetPlatform' loaded TargetPlatform 'WindowsClient'
[2019.06.17-06.05.34:785][  0]LogTemp: Display: Module 'WindowsNoEditorTargetPlatform' loaded TargetPlatform 'WindowsNoEditor'
[2019.06.17-06.05.34:825][  0]LogTemp: Display: Module 'WindowsServerTargetPlatform' loaded TargetPlatform 'WindowsServer'
[2019.06.17-06.05.34:861][  0]LogTemp: Display: Module 'WindowsTargetPlatform' loaded TargetPlatform 'Windows'
[2019.06.17-06.05.34:951][  0]LogTemp: Display: Module 'AndroidTargetPlatform' loaded TargetPlatform 'Android'
[2019.06.17-06.05.34:951][  0]LogTemp: Display: Module 'AndroidTargetPlatform' loaded TargetPlatform 'Android_ASTC'
[2019.06.17-06.05.34:951][  0]LogTemp: Display: Module 'AndroidTargetPlatform' loaded TargetPlatform 'Android_ATC'
[2019.06.17-06.05.34:951][  0]LogTemp: Display: Module 'AndroidTargetPlatform' loaded TargetPlatform 'Android_DXT'
[2019.06.17-06.05.34:951][  0]LogTemp: Display: Module 'AndroidTargetPlatform' loaded TargetPlatform 'Android_ETC1'
[2019.06.17-06.05.34:952][  0]LogTemp: Display: Module 'AndroidTargetPlatform' loaded TargetPlatform 'Android_ETC1a'
[2019.06.17-06.05.34:952][  0]LogTemp: Display: Module 'AndroidTargetPlatform' loaded TargetPlatform 'Android_ETC2'
[2019.06.17-06.05.34:952][  0]LogTemp: Display: Module 'AndroidTargetPlatform' loaded TargetPlatform 'Android_PVRTC'
[2019.06.17-06.05.34:952][  0]LogTemp: Display: Module 'AndroidTargetPlatform' loaded TargetPlatform 'AndroidClient'
[2019.06.17-06.05.34:952][  0]LogTemp: Display: Module 'AndroidTargetPlatform' loaded TargetPlatform 'Android_ASTCClient'
[2019.06.17-06.05.34:952][  0]LogTemp: Display: Module 'AndroidTargetPlatform' loaded TargetPlatform 'Android_ATCClient'
[2019.06.17-06.05.34:952][  0]LogTemp: Display: Module 'AndroidTargetPlatform' loaded TargetPlatform 'Android_DXTClient'
[2019.06.17-06.05.34:952][  0]LogTemp: Display: Module 'AndroidTargetPlatform' loaded TargetPlatform 'Android_ETC1Client'
[2019.06.17-06.05.34:952][  0]LogTemp: Display: Module 'AndroidTargetPlatform' loaded TargetPlatform 'Android_ETC1aClient'
[2019.06.17-06.05.34:952][  0]LogTemp: Display: Module 'AndroidTargetPlatform' loaded TargetPlatform 'Android_ETC2Client'
[2019.06.17-06.05.34:952][  0]LogTemp: Display: Module 'AndroidTargetPlatform' loaded TargetPlatform 'Android_PVRTCClient'
[2019.06.17-06.05.34:952][  0]LogTemp: Display: Module 'AndroidTargetPlatform' loaded TargetPlatform 'Android_Multi'
[2019.06.17-06.05.34:953][  0]LogTemp: Display: Module 'AndroidTargetPlatform' loaded TargetPlatform 'Android_MultiClient'
[2019.06.17-06.05.35:009][  0]LogTemp: Display: Module 'HTML5TargetPlatform' loaded TargetPlatform 'HTML5'
[2019.06.17-06.05.35:173][  0]LogTemp: Display: Module 'IOSTargetPlatform' loaded TargetPlatform 'IOSClient'
[2019.06.17-06.05.35:173][  0]LogTemp: Display: Module 'IOSTargetPlatform' loaded TargetPlatform 'IOS'
[2019.06.17-06.05.35:225][  0]LogTemp: Display: Module 'TVOSTargetPlatform' loaded TargetPlatform 'TVOSClient'
[2019.06.17-06.05.35:226][  0]LogTemp: Display: Module 'TVOSTargetPlatform' loaded TargetPlatform 'TVOS'
[2019.06.17-06.05.35:369][  0]LogTemp: Display: Module 'LuminTargetPlatform' loaded TargetPlatform 'Lumin'
[2019.06.17-06.05.35:369][  0]LogTemp: Display: Module 'LuminTargetPlatform' loaded TargetPlatform 'LuminClient'
[2019.06.17-06.05.35:369][  0]LogTargetPlatformManager: Display: Building Assets For Windows
[2019.06.17-06.05.35:597][  0]LogAudioDebug: Display: Lib vorbis DLL was dynamically loaded.
[2019.06.17-06.05.36:225][  0]LogShaderCompilers: Guid format shader working directory is -9 characters bigger than the processId version (../../../../../unrealprojects/unrealprojects/FlightGame/Intermediate/Shaders/WorkingDirectory/16336/).
[2019.06.17-06.05.36:225][  0]LogShaderCompilers: Cleaned the shader compiler working directory 'C:/Users/Dustin/AppData/Local/Temp/UnrealShaderWorkingDir/EF8EA71B41432A14AC83B9A79D19FE19/'.
[2019.06.17-06.05.36:229][  0]LogXGEController: Cleaning working directory: C:/Users/Dustin/AppData/Local/Temp/UnrealXGEWorkingDir/
[2019.06.17-06.05.36:229][  0]LogXGEController: Cannot use XGE Controller as Incredibuild is not installed on this machine.
[2019.06.17-06.05.36:229][  0]LogShaderCompilers: Cannot use XGE Shader Compiler as Incredibuild is not installed on this machine.
[2019.06.17-06.05.36:229][  0]LogShaderCompilers: Display: Using Local Shader Compiler.
[2019.06.17-06.05.39:074][  0]LogDerivedDataCache: Display: Max Cache Size: 512 MB
[2019.06.17-06.05.39:128][  0]LogDerivedDataCache: Loaded boot cache 0.05s 71MB ../../../../../unrealprojects/unrealprojects/FlightGame/DerivedDataCache/Boot.ddc.
[2019.06.17-06.05.39:128][  0]LogDerivedDataCache: Display: Loaded Boot cache: ../../../../../unrealprojects/unrealprojects/FlightGame/DerivedDataCache/Boot.ddc
[2019.06.17-06.05.39:128][  0]LogDerivedDataCache: FDerivedDataBackendGraph:  Pak pak cache file ../../../../../unrealprojects/unrealprojects/FlightGame/DerivedDataCache/DDC.ddp not found, will not use a pak cache.
[2019.06.17-06.05.39:129][  0]LogDerivedDataCache: Unable to find inner node Pak for hierarchical cache Hierarchy.
[2019.06.17-06.05.39:129][  0]LogDerivedDataCache: FDerivedDataBackendGraph:  EnginePak pak cache file ../../../Engine/DerivedDataCache/DDC.ddp not found, will not use a pak cache.
[2019.06.17-06.05.39:129][  0]LogDerivedDataCache: Unable to find inner node EnginePak for hierarchical cache Hierarchy.
[2019.06.17-06.05.39:142][  0]LogDerivedDataCache: Using Local data cache path ../../../Engine/DerivedDataCache: Writable
[2019.06.17-06.05.39:142][  0]LogDerivedDataCache: Shared data cache path not found in *engine.ini, will not use an Shared cache.
[2019.06.17-06.05.39:142][  0]LogDerivedDataCache: Unable to find inner node Shared for hierarchical cache Hierarchy.
[2019.06.17-06.05.39:166][  0]LogMaterial: Verifying Global Shaders for PCD3D_SM5
[2019.06.17-06.05.39:167][  0]LogSlate: Using FreeType 2.6.0
[2019.06.17-06.05.39:249][  0]LogSlate: SlateFontServices - WITH_FREETYPE: 1, WITH_HARFBUZZ: 1
[2019.06.17-06.05.39:501][  0]LogAssetRegistry: FAssetRegistry took 0.0328 seconds to start up
[2019.06.17-06.05.39:784][  0]LogInit: Selected Device Profile: [Windows]
[2019.06.17-06.05.41:518][  0]LogMeshReduction: Using QuadricMeshReduction for automatic static mesh reduction
[2019.06.17-06.05.41:518][  0]LogMeshReduction: Using SimplygonMeshReduction for automatic skeletal mesh reduction
[2019.06.17-06.05.41:518][  0]LogMeshReduction: Using ProxyLODMeshReduction for automatic mesh merging
[2019.06.17-06.05.41:518][  0]LogMeshReduction: No distributed automatic mesh merging module available
[2019.06.17-06.05.41:518][  0]LogMeshMerging: No distributed automatic mesh merging module available
[2019.06.17-06.05.41:578][  0]LogNetVersion: FlightGame 1.0.0, NetCL: 0, EngineNetVer: 10, GameNetVer: 0 (Checksum: 933327575)
[2019.06.17-06.05.44:209][  0]LogPackageLocalizationCache: Processed 10 localized package path(s) for 1 prioritized culture(s) in 0.053377 seconds
[2019.06.17-06.05.44:215][  0]LogUObjectArray: 42189 objects as part of root set at end of initial load.
[2019.06.17-06.05.44:215][  0]LogUObjectAllocator: 7322048 out of 0 bytes used by permanent object pool.
[2019.06.17-06.05.44:215][  0]LogUObjectArray: CloseDisregardForGC: 0/0 objects in disregard for GC pool
[2019.06.17-06.05.50:401][  0]LogTcpMessaging: Initializing TcpMessaging bridge
[2019.06.17-06.05.50:492][  0]LogUdpMessaging: Initializing bridge on interface 0.0.0.0:0 to multicast group 230.0.0.1:6666.
[2019.06.17-06.05.51:679][  0]SourceControl: Source control is disabled
[2019.06.17-06.05.51:679][  0]SourceControl: Source control is disabled
[2019.06.17-06.05.51:766][  0]SourceControl: Source control is disabled
[2019.06.17-06.05.51:863][  0]SourceControl: Source control is disabled
[2019.06.17-06.05.53:974][  0]LogAndroidPermission: UAndroidPermissionCallbackProxy::GetInstance
[2019.06.17-06.05.54:831][  0]LogOcInput: OculusInput pre-init called
[2019.06.17-06.05.56:432][  0]LogClass: Warning: ObjectProperty FInstantWeaponData::BeamEffect is not initialized properly
[2019.06.17-06.05.56:432][  0]LogClass: Warning: ObjectProperty FInstantWeaponData::ImpactEffect is not initialized properly
[2019.06.17-06.05.56:432][  0]LogClass: Warning: ObjectProperty FInstantWeaponData::DebugLocatorTemplate is not initialized properly
[2019.06.17-06.05.56:432][  0]LogClass: Display: 3 Uninitialized script stuct members found
[2019.06.17-06.05.56:433][  0]LogAutomationTest: Warning: ObjectProperty FInstantWeaponData::BeamEffect is not initialized properly
[2019.06.17-06.05.56:433][  0]LogAutomationTest: Warning: ObjectProperty FInstantWeaponData::ImpactEffect is not initialized properly
[2019.06.17-06.05.56:433][  0]LogAutomationTest: Warning: ObjectProperty FInstantWeaponData::DebugLocatorTemplate is not initialized properly
[2019.06.17-06.05.56:433][  0]LogEngine: Initializing Engine...
[2019.06.17-06.05.56:434][  0]LogHMD: Failed to initialize OpenVR with code 110
[2019.06.17-06.05.56:435][  0]LogStats: UGameplayTagsManager::InitializeManager -  0.000 s
[2019.06.17-06.05.57:434][  0]LogInit: Initializing FReadOnlyCVARCache
[2019.06.17-06.05.57:520][  0]LogAIModule: Creating AISystem for world Untitled
[2019.06.17-06.05.57:528][  0]LogInit: XAudio2 using 'Speakers (Realtek High Definition Audio)' : 2 channels at 48 kHz using 32 bits per sample (channel mask 0x3)
[2019.06.17-06.05.57:564][  0]LogInit: FAudioDevice initialized.
[2019.06.17-06.05.57:564][  0]LogNetVersion: Set ProjectVersion to 1.0.0.0. Version Checksum will be recalculated on next use.
[2019.06.17-06.05.57:673][  0]LogDerivedDataCache: Saved boot cache 0.11s 71MB ../../../../../unrealprojects/unrealprojects/FlightGame/DerivedDataCache/Boot.ddc.
[2019.06.17-06.05.57:681][  0]LogInit: Texture streaming: Enabled
[2019.06.17-06.05.58:329][  0]LogEngineSessionManager: EngineSessionManager initialized
[2019.06.17-06.05.58:329][  0]LogEngineSessionManager: EngineSessionManager sent abnormal shutdown report. Type=Debugger, SessionId={72A97040-401B-00F1-90D4-799A5A50DD7F}
[2019.06.17-06.05.58:330][  0]LogEngineSessionManager: EngineSessionManager sent abnormal shutdown report. Type=Debugger, SessionId={ED8543F3-4C52-6978-B814-718BDA00D078}
[2019.06.17-06.05.58:532][  0]LogInit: Transaction tracking system initialized
[2019.06.17-06.05.59:280][  0]BlueprintLog: New page: Editor Load
[2019.06.17-06.06.01:014][  0]LocalizationService: Localization service is disabled
[2019.06.17-06.06.03:631][  0]LogFileCache: Scanning file cache for directory 'C:/Users/Dustin/Documents/unrealprojects/unrealprojects/FlightGame/Content/' took 0.02s
[2019.06.17-06.06.03:631][  0]LogCook: Display: Max memory allowance for cook 16384mb min free memory 0mb
[2019.06.17-06.06.03:632][  0]LogCook: Display: Mobile HDR setting 1
[2019.06.17-06.06.06:022][  0]SourceControl: Source control is disabled
[2019.06.17-06.06.06:022][  0]Cmd: MAP LOAD FILE="../../../../../unrealprojects/unrealprojects/FlightGame/Content/TwinStickBP/Maps/TwinStickExampleMap.umap" TEMPLATE=0 SHOWPROGRESS=1 FEATURELEVEL=3
[2019.06.17-06.06.06:023][  0]LightingResults: New page: Lighting Build
[2019.06.17-06.06.06:027][  0]MapCheck: New page: Map Check
[2019.06.17-06.06.06:027][  0]LightingResults: New page: Lighting Build
[2019.06.17-06.06.06:052][  0]LogUObjectHash: Compacting FUObjectHashTables data took   2.79ms
[2019.06.17-06.06.07:532][  0]LogAIModule: Creating AISystem for world TwinStickExampleMap
[2019.06.17-06.06.07:567][  0]LogEditorServer: Finished looking for orphan Actors (0.000 secs)
[2019.06.17-06.06.07:595][  0]LogUObjectHash: Compacting FUObjectHashTables data took   1.88ms
[2019.06.17-06.06.07:595][  0]Cmd: MAP CHECKDEP NOCLEARLOG
[2019.06.17-06.06.07:596][  0]MapCheck: Map check complete: 0 Error(s), 0 Warning(s), took 0.256ms to complete.
[2019.06.17-06.06.07:596][  0]LogFileHelpers: Loading map 'TwinStickExampleMap' took 1.573
[2019.06.17-06.06.07:741][  0]LogSlate: Updating window title bar state: overlay mode, drag disabled, window buttons hidden, title bar hidden
[2019.06.17-06.06.07:749][  0]LogSlate: Updating window title bar state: overlay mode, drag disabled, window buttons hidden, title bar hidden
[2019.06.17-06.06.07:756][  0]LogSlate: Updating window title bar state: overlay mode, drag disabled, window buttons hidden, title bar hidden
[2019.06.17-06.06.07:764][  0]LogSlate: Updating window title bar state: overlay mode, drag disabled, window buttons hidden, title bar hidden
[2019.06.17-06.06.08:016][  0]LogCollectionManager: Loaded 0 collections in 0.003569 seconds
[2019.06.17-06.06.08:036][  0]LogFileCache: Scanning file cache for directory 'C:/Users/Dustin/Documents/unrealprojects/unrealprojects/FlightGame/Saved/Collections/' took 0.01s
[2019.06.17-06.06.08:036][  0]LogFileCache: Scanning file cache for directory 'C:/Users/Dustin/Documents/unrealprojects/unrealprojects/FlightGame/Content/Developers/Dustin/Collections/' took 0.00s
[2019.06.17-06.06.08:036][  0]LogFileCache: Scanning file cache for directory 'C:/Users/Dustin/Documents/unrealprojects/unrealprojects/FlightGame/Content/Collections/' took 0.00s
[2019.06.17-06.06.08:036][  0]LogCollectionManager: Rebuilt the GUID cache for 0 collections in 0.000001 seconds
[2019.06.17-06.06.08:047][  0]LogContentBrowser: Native class hierarchy populated in 0.0103 seconds. Added 2740 classes and 659 folders.
[2019.06.17-06.06.08:057][  0]LogContentBrowser: Native class hierarchy updated for 'WidgetCarousel' in 0.0003 seconds. Added 0 classes and 0 folders.
[2019.06.17-06.06.08:064][  0]LogPakFile: Registered encryption key '00000000000000000000000000000000': 0 pak files mounted, 0 remain pending
[2019.06.17-06.06.08:103][  0]LogPakFile: Registered encryption key '00000000000000000000000000000000': 0 pak files mounted, 0 remain pending
[2019.06.17-06.06.08:120][  0]LogPakFile: Registered encryption key '00000000000000000000000000000000': 0 pak files mounted, 0 remain pending
[2019.06.17-06.06.08:124][  0]LogPakFile: Registered encryption key '00000000000000000000000000000000': 0 pak files mounted, 0 remain pending
[2019.06.17-06.06.08:128][  0]LogPakFile: Registered encryption key '00000000000000000000000000000000': 0 pak files mounted, 0 remain pending
[2019.06.17-06.06.08:131][  0]LogPakFile: Registered encryption key '00000000000000000000000000000000': 0 pak files mounted, 0 remain pending
[2019.06.17-06.06.08:135][  0]LogPakFile: Registered encryption key '00000000000000000000000000000000': 0 pak files mounted, 0 remain pending
[2019.06.17-06.06.08:139][  0]LogPakFile: Registered encryption key '00000000000000000000000000000000': 0 pak files mounted, 0 remain pending
[2019.06.17-06.06.08:143][  0]LogPakFile: Registered encryption key '00000000000000000000000000000000': 0 pak files mounted, 0 remain pending
[2019.06.17-06.06.08:147][  0]LogPakFile: Registered encryption key '00000000000000000000000000000000': 0 pak files mounted, 0 remain pending
[2019.06.17-06.06.08:151][  0]LogPakFile: Registered encryption key '00000000000000000000000000000000': 0 pak files mounted, 0 remain pending
[2019.06.17-06.06.08:154][  0]LogPakFile: Registered encryption key '00000000000000000000000000000000': 0 pak files mounted, 0 remain pending
[2019.06.17-06.06.08:158][  0]LogPakFile: Registered encryption key '00000000000000000000000000000000': 0 pak files mounted, 0 remain pending
[2019.06.17-06.06.08:162][  0]LogPakFile: Registered encryption key '00000000000000000000000000000000': 0 pak files mounted, 0 remain pending
[2019.06.17-06.06.08:166][  0]LogPakFile: Registered encryption key '00000000000000000000000000000000': 0 pak files mounted, 0 remain pending
[2019.06.17-06.06.08:169][  0]LogPakFile: Registered encryption key '00000000000000000000000000000000': 0 pak files mounted, 0 remain pending
[2019.06.17-06.06.08:173][  0]LogPakFile: Registered encryption key '00000000000000000000000000000000': 0 pak files mounted, 0 remain pending
[2019.06.17-06.06.08:176][  0]LogPakFile: Registered encryption key '00000000000000000000000000000000': 0 pak files mounted, 0 remain pending
[2019.06.17-06.06.08:180][  0]LogPakFile: Registered encryption key '00000000000000000000000000000000': 0 pak files mounted, 0 remain pending
[2019.06.17-06.06.08:185][  0]LogPakFile: Registered encryption key '00000000000000000000000000000000': 0 pak files mounted, 0 remain pending
[2019.06.17-06.06.08:189][  0]LogPakFile: Registered encryption key '00000000000000000000000000000000': 0 pak files mounted, 0 remain pending
[2019.06.17-06.06.08:193][  0]LogPakFile: Registered encryption key '00000000000000000000000000000000': 0 pak files mounted, 0 remain pending
[2019.06.17-06.06.08:197][  0]LogPakFile: Registered encryption key '00000000000000000000000000000000': 0 pak files mounted, 0 remain pending
[2019.06.17-06.06.08:201][  0]LogPakFile: Registered encryption key '00000000000000000000000000000000': 0 pak files mounted, 0 remain pending
[2019.06.17-06.06.08:204][  0]LogPakFile: Registered encryption key '00000000000000000000000000000000': 0 pak files mounted, 0 remain pending
[2019.06.17-06.06.08:208][  0]LogPakFile: Registered encryption key '00000000000000000000000000000000': 0 pak files mounted, 0 remain pending
[2019.06.17-06.06.08:444][  0]LogContentBrowser: Native class hierarchy updated for 'AddContentDialog' in 0.0004 seconds. Added 0 classes and 0 folders.
[2019.06.17-06.06.08:508][  0]LogContentBrowser: Native class hierarchy updated for 'SceneOutliner' in 0.0005 seconds. Added 1 classes and 2 folders.
[2019.06.17-06.06.08:582][  0]LogSlate: Took 0.003463 seconds to synchronously load lazily loaded font '../../../Engine/Content/Slate/Fonts/Roboto-Regular.ttf' (155K)
[2019.06.17-06.06.08:632][  0]LogSlate: Took 0.047679 seconds to synchronously load lazily loaded font '../../../Engine/Content/Slate/Fonts/Roboto-Bold.ttf' (160K)
[2019.06.17-06.06.08:641][  0]LogSlate: Took 0.004036 seconds to synchronously load lazily loaded font '../../../Engine/Content/Editor/Slate/Fonts/FontAwesome.ttf' (139K)
[2019.06.17-06.06.09:026][  0]LogRenderer: Reallocating scene render targets to support 1208x572 Format 10 NumSamples 1 (Frame:1).
[2019.06.17-06.06.09:767][  0]LogContentBrowser: Native class hierarchy updated for 'HierarchicalLODOutliner' in 0.0008 seconds. Added 0 classes and 0 folders.
[2019.06.17-06.06.09:767][  0]LogLoad: (Engine Initialization) Total time: 43.85 seconds
[2019.06.17-06.06.09:768][  0]LogLoad: (Engine Initialization) Total Blueprint compile time: 0.00 seconds
[2019.06.17-06.06.09:799][  0]LogAssetRegistry: Asset discovery search completed in 30.3227 seconds
[2019.06.17-06.06.09:801][  0]LogCollectionManager: Rebuilt the object cache for 0 collections in 0.000000 seconds (found 0 objects)
[2019.06.17-06.06.09:801][  0]LogCollectionManager: Fixed up redirectors for 0 collections in 0.000191 seconds (updated 0 objects)
[2019.06.17-06.06.09:803][  0]LogContentStreaming: Texture pool size now 1000 MB
[2019.06.17-06.06.09:823][  0]LogSlate: Took 0.003303 seconds to synchronously load lazily loaded font '../../../Engine/Content/Slate/Fonts/Roboto-Light.ttf' (167K)
[2019.06.17-06.06.26:011][142]LogSlate: FSceneViewport::OnFocusLost() reason 0
[2019.06.17-06.06.26:483][168]LogTemp: Repeating last play command: Selected Viewport
[2019.06.17-06.06.26:500][168]LogBlueprintUserMessages: Early PlayInEditor Detection: Level '/Game/TwinStickBP/Maps/TwinStickExampleMap.TwinStickExampleMap:PersistentLevel' has LevelScriptBlueprint '/Game/TwinStickBP/Maps/TwinStickExampleMap.TwinStickExampleMap:PersistentLevel.TwinStickExampleMap' with GeneratedClass '/Game/TwinStickBP/Maps/TwinStickExampleMap.TwinStickExampleMap_C' with ClassGeneratedBy '/Game/TwinStickBP/Maps/TwinStickExampleMap.TwinStickExampleMap:PersistentLevel.TwinStickExampleMap'
[2019.06.17-06.06.26:500][168]LogPlayLevel: PlayLevel: No blueprints needed recompiling
[2019.06.17-06.06.26:500][168]PIE: New page: PIE session: TwinStickExampleMap (Jun 16, 2019, 4:06:26 PM)
[2019.06.17-06.06.26:515][168]LogPlayLevel: Creating play world package: /Game/TwinStickBP/Maps/UEDPIE_0_TwinStickExampleMap
[2019.06.17-06.06.26:524][168]LogPlayLevel: PIE: StaticDuplicateObject took: (0.007849s)
[2019.06.17-06.06.26:524][168]LogAIModule: Creating AISystem for world TwinStickExampleMap
[2019.06.17-06.06.26:525][168]LogPlayLevel: PIE: World Init took: (0.000905s)
[2019.06.17-06.06.26:525][168]LogPlayLevel: PIE: Created PIE world by copying editor world from /Game/TwinStickBP/Maps/TwinStickExampleMap.TwinStickExampleMap to /Game/TwinStickBP/Maps/UEDPIE_0_TwinStickExampleMap.TwinStickExampleMap (0.009728s)
[2019.06.17-06.06.26:549][168]LogUObjectHash: Compacting FUObjectHashTables data took   1.03ms
[2019.06.17-06.06.26:549][168]LogInit: XAudio2 using 'Speakers (Realtek High Definition Audio)' : 2 channels at 48 kHz using 32 bits per sample (channel mask 0x3)
[2019.06.17-06.06.26:562][168]LogInit: FAudioDevice initialized.
[2019.06.17-06.06.26:614][168]LogLoad: Game class is 'TwinStickGameMode_C'
[2019.06.17-06.06.26:617][168]LogWorld: Bringing World /Game/TwinStickBP/Maps/UEDPIE_0_TwinStickExampleMap.TwinStickExampleMap up for play (max tick rate 0) at 2019.06.16-23.06.26
[2019.06.17-06.06.26:618][168]LogWorld: Bringing up level for play took: 0.002228
[2019.06.17-06.06.26:637][168]LogContentBrowser: Native class hierarchy updated for 'MovieSceneCapture' in 0.0004 seconds. Added 20 classes and 0 folders.
[2019.06.17-06.06.26:639][168]PIE: Play in editor start time for /Game/TwinStickBP/Maps/UEDPIE_0_TwinStickExampleMap -0.46
[2019.06.17-06.06.26:639][168]LogBlueprintUserMessages: Late PlayInEditor Detection: Level '/Game/TwinStickBP/Maps/TwinStickExampleMap.TwinStickExampleMap:PersistentLevel' has LevelScriptBlueprint '/Game/TwinStickBP/Maps/TwinStickExampleMap.TwinStickExampleMap:PersistentLevel.TwinStickExampleMap' with GeneratedClass '/Game/TwinStickBP/Maps/TwinStickExampleMap.TwinStickExampleMap_C' with ClassGeneratedBy '/Game/TwinStickBP/Maps/TwinStickExampleMap.TwinStickExampleMap:PersistentLevel.TwinStickExampleMap'
[2019.06.17-06.06.26:640][168]LogTemp: current z 0
[2019.06.17-06.06.26:641][168]LogTemp: current z 0
[2019.06.17-06.06.27:020][171]LogCore: Error: Invalid input P=-nan(ind) Y=-21.630049 R=0.000000 to FRotator::Quaternion - generated NaN output: X=nan Y=nan Z=nan W=-nan(ind)
[2019.06.17-06.06.46:446][808]LogBlueprintUserMessages: Early EndPlayMap Detection: Level '/Game/TwinStickBP/Maps/TwinStickExampleMap.TwinStickExampleMap:PersistentLevel' has LevelScriptBlueprint '/Game/TwinStickBP/Maps/TwinStickExampleMap.TwinStickExampleMap:PersistentLevel.TwinStickExampleMap' with GeneratedClass '/Game/TwinStickBP/Maps/TwinStickExampleMap.TwinStickExampleMap_C' with ClassGeneratedBy '/Game/TwinStickBP/Maps/TwinStickExampleMap.TwinStickExampleMap:PersistentLevel.TwinStickExampleMap'
[2019.06.17-06.06.46:447][808]LogSlate: Updating window title bar state: overlay mode, drag disabled, window buttons hidden, title bar hidden
[2019.06.17-06.06.46:507][808]LogPlayLevel: Display: Shutting down PIE online subsystems
[2019.06.17-06.06.46:507][808]LogBlueprintUserMessages: Late EndPlayMap Detection: Level '/Game/TwinStickBP/Maps/TwinStickExampleMap.TwinStickExampleMap:PersistentLevel' has LevelScriptBlueprint '/Game/TwinStickBP/Maps/TwinStickExampleMap.TwinStickExampleMap:PersistentLevel.TwinStickExampleMap' with GeneratedClass '/Game/TwinStickBP/Maps/TwinStickExampleMap.TwinStickExampleMap_C' with ClassGeneratedBy '/Game/TwinStickBP/Maps/TwinStickExampleMap.TwinStickExampleMap:PersistentLevel.TwinStickExampleMap'
[2019.06.17-06.06.46:536][808]LogSlate: Updating window title bar state: overlay mode, drag disabled, window buttons hidden, title bar hidden
[2019.06.17-06.06.46:540][808]LogUObjectHash: Compacting FUObjectHashTables data took   1.43ms
[2019.06.17-06.06.46:565][809]LogPlayLevel: Display: Destroying online subsystem :Context_1
[2019.06.17-06.06.47:468][834]LogSlate: FSceneViewport::OnFocusLost() reason 0
[2019.06.17-06.06.49:988][904]LogActor: Warning: FlyingPawnBlueprint_C /Engine/Transient.World_0:PersistentLevel.FlyingPawnBlueprint_C_0 has natively added scene component(s), but none of them were set as the actor's RootComponent - picking one arbitrarily
[2019.06.17-06.06.56:531][ 56]LogSlate: Took 0.000187 seconds to synchronously load lazily loaded font '../../../Engine/Content/Slate/Fonts/Roboto-Light.ttf' (167K)
[2019.06.17-06.06.56:541][ 56]LogAssetEditorManager: Opening Asset editor for Blueprint /Game/Entities/BaseFlyingEntity.BaseFlyingEntity
[2019.06.17-06.06.57:129][ 56]LogContentBrowser: Native class hierarchy updated for 'BlueprintGraph' in 0.0009 seconds. Added 121 classes and 0 folders.
[2019.06.17-06.06.58:062][ 56]LogSlate: Took 0.004033 seconds to synchronously load lazily loaded font '../../../Engine/Content/Slate/Fonts/Roboto-BoldCondensed.ttf' (158K)
[2019.06.17-06.07.00:279][107]LogSlate: Took 0.004247 seconds to synchronously load lazily loaded font '../../../Engine/Content/Slate/Fonts/Roboto-Italic.ttf' (157K)
[2019.06.17-06.07.24:184][543]LogEditorViewport: Clicking on Actor (LMB): StaticMeshActor (Floor)
[2019.06.17-06.07.28:717][640]LogSlate: FSceneViewport::OnFocusLost() reason 0
[2019.06.17-06.08.11:953][532]LogAssetEditorManager: Opening Asset editor for StaticMesh /Game/TwinStick/Meshes/TwinStickUFO.TwinStickUFO
[2019.06.17-06.08.13:211][533]LogRenderer: Reallocating scene render targets to support 1284x856 Format 10 NumSamples 1 (Frame:1).
[2019.06.17-06.08.50:321][933]Cmd: OBJ SAVEPACKAGE PACKAGE="/Game/TwinStick/Meshes/TwinStickUFO" FILE="../../../../../unrealprojects/unrealprojects/FlightGame/Content/TwinStick/Meshes/TwinStickUFO.uasset" SILENT=true
[2019.06.17-06.08.50:446][933]LogSavePackage: Moving '../../../../../unrealprojects/unrealprojects/FlightGame/Saved/TwinStickUFOB2DC4DD8467C1153B6324BB4A310FE19.tmp' to '../../../../../unrealprojects/unrealprojects/FlightGame/Content/TwinStick/Meshes/TwinStickUFO.uasset'
[2019.06.17-06.08.54:623][970]LogTemp: Repeating last play command: Selected Viewport
[2019.06.17-06.08.54:645][970]LogBlueprintUserMessages: Early PlayInEditor Detection: Level '/Game/TwinStickBP/Maps/TwinStickExampleMap.TwinStickExampleMap:PersistentLevel' has LevelScriptBlueprint '/Game/TwinStickBP/Maps/TwinStickExampleMap.TwinStickExampleMap:PersistentLevel.TwinStickExampleMap' with GeneratedClass '/Game/TwinStickBP/Maps/TwinStickExampleMap.TwinStickExampleMap_C' with ClassGeneratedBy '/Game/TwinStickBP/Maps/TwinStickExampleMap.TwinStickExampleMap:PersistentLevel.TwinStickExampleMap'
[2019.06.17-06.08.54:647][970]LogPlayLevel: PlayLevel: No blueprints needed recompiling
[2019.06.17-06.08.54:647][970]PIE: New page: PIE session: TwinStickExampleMap (Jun 16, 2019, 4:08:54 PM)
[2019.06.17-06.08.54:647][970]LogPlayLevel: Creating play world package: /Game/TwinStickBP/Maps/UEDPIE_0_TwinStickExampleMap
[2019.06.17-06.08.54:666][970]LogPlayLevel: PIE: StaticDuplicateObject took: (0.018959s)
[2019.06.17-06.08.54:668][970]LogAIModule: Creating AISystem for world TwinStickExampleMap
[2019.06.17-06.08.54:669][970]LogPlayLevel: PIE: World Init took: (0.002750s)
[2019.06.17-06.08.54:669][970]LogPlayLevel: PIE: Created PIE world by copying editor world from /Game/TwinStickBP/Maps/TwinStickExampleMap.TwinStickExampleMap to /Game/TwinStickBP/Maps/UEDPIE_0_TwinStickExampleMap.TwinStickExampleMap (0.022752s)
[2019.06.17-06.08.54:776][970]LogUObjectHash: Compacting FUObjectHashTables data took   9.19ms
[2019.06.17-06.08.54:778][970]LogInit: XAudio2 using 'Speakers (Realtek High Definition Audio)' : 2 channels at 48 kHz using 32 bits per sample (channel mask 0x3)
[2019.06.17-06.08.54:800][970]LogInit: FAudioDevice initialized.
[2019.06.17-06.08.54:835][970]LogLoad: Game class is 'TwinStickGameMode_C'
[2019.06.17-06.08.54:838][970]LogWorld: Bringing World /Game/TwinStickBP/Maps/UEDPIE_0_TwinStickExampleMap.TwinStickExampleMap up for play (max tick rate 0) at 2019.06.16-23.08.54
[2019.06.17-06.08.54:839][970]LogWorld: Bringing up level for play took: 0.002111
[2019.06.17-06.08.54:854][970]PIE: Play in editor start time for /Game/TwinStickBP/Maps/UEDPIE_0_TwinStickExampleMap -0.245
[2019.06.17-06.08.54:854][970]LogBlueprintUserMessages: Late PlayInEditor Detection: Level '/Game/TwinStickBP/Maps/TwinStickExampleMap.TwinStickExampleMap:PersistentLevel' has LevelScriptBlueprint '/Game/TwinStickBP/Maps/TwinStickExampleMap.TwinStickExampleMap:PersistentLevel.TwinStickExampleMap' with GeneratedClass '/Game/TwinStickBP/Maps/TwinStickExampleMap.TwinStickExampleMap_C' with ClassGeneratedBy '/Game/TwinStickBP/Maps/TwinStickExampleMap.TwinStickExampleMap:PersistentLevel.TwinStickExampleMap'
[2019.06.17-06.08.54:855][970]LogTemp: current z 0
[2019.06.17-06.08.54:855][970]LogTemp: current z 0
[2019.06.17-06.10.00:111][791]LogBlueprintUserMessages: Early EndPlayMap Detection: Level '/Game/TwinStickBP/Maps/TwinStickExampleMap.TwinStickExampleMap:PersistentLevel' has LevelScriptBlueprint '/Game/TwinStickBP/Maps/TwinStickExampleMap.TwinStickExampleMap:PersistentLevel.TwinStickExampleMap' with GeneratedClass '/Game/TwinStickBP/Maps/TwinStickExampleMap.TwinStickExampleMap_C' with ClassGeneratedBy '/Game/TwinStickBP/Maps/TwinStickExampleMap.TwinStickExampleMap:PersistentLevel.TwinStickExampleMap'
[2019.06.17-06.10.00:112][791]LogSlate: Updating window title bar state: overlay mode, drag disabled, window buttons hidden, title bar hidden
[2019.06.17-06.10.00:202][791]LogPlayLevel: Display: Shutting down PIE online subsystems
[2019.06.17-06.10.00:203][791]LogBlueprintUserMessages: Late EndPlayMap Detection: Level '/Game/TwinStickBP/Maps/TwinStickExampleMap.TwinStickExampleMap:PersistentLevel' has LevelScriptBlueprint '/Game/TwinStickBP/Maps/TwinStickExampleMap.TwinStickExampleMap:PersistentLevel.TwinStickExampleMap' with GeneratedClass '/Game/TwinStickBP/Maps/TwinStickExampleMap.TwinStickExampleMap_C' with ClassGeneratedBy '/Game/TwinStickBP/Maps/TwinStickExampleMap.TwinStickExampleMap:PersistentLevel.TwinStickExampleMap'
[2019.06.17-06.10.00:247][791]LogSlate: Updating window title bar state: overlay mode, drag disabled, window buttons hidden, title bar hidden
[2019.06.17-06.10.00:253][791]LogUObjectHash: Compacting FUObjectHashTables data took   3.09ms
[2019.06.17-06.10.00:284][792]LogPlayLevel: Display: Destroying online subsystem :Context_7
[2019.06.17-06.10.17:971][976]LogSlate: FSceneViewport::OnFocusLost() reason 0
[2019.06.17-06.10.44:214][282]LogEditorViewport: Clicking on Actor (context menu): StaticMeshActor (Floor)
[2019.06.17-06.10.44:376][282]LogSlate: FSceneViewport::OnFocusLost() reason 2
[2019.06.17-06.12.06:631][199]Cmd: DUPLICATE
[2019.06.17-06.12.06:632][199]Cmd: ACTOR DUPLICATE
[2019.06.17-06.12.15:965][300]LogSlate: FSceneViewport::OnFocusLost() reason 0
[2019.06.17-06.12.52:228][672]LogEditorViewport: Clicking on Actor (LMB): StaticMeshActor (Floor)
[2019.06.17-06.12.53:914][692]LogSlate: FSceneViewport::OnFocusLost() reason 0
[2019.06.17-06.12.54:257][693]LogUObjectHash: Compacting FUObjectHashTables data took   6.22ms
[2019.06.17-06.12.54:507][693]LogSavePackage: Moving '../../../../../unrealprojects/unrealprojects/FlightGame/Saved/TwinStickExampleMapF121FFEA49B1A218213E54BB379D37D8.tmp' to '../../../../../unrealprojects/unrealprojects/FlightGame/Content/TwinStickBP/Maps/TwinStickExampleMap.umap'
[2019.06.17-06.12.54:711][693]LogSavePackage: Moving '../../../../../unrealprojects/unrealprojects/FlightGame/Saved/TwinStickExampleMap_BuiltDataF5C6A5234AC535B39BABAAB71CD20C50.tmp' to '../../../../../unrealprojects/unrealprojects/FlightGame/Content/TwinStickBP/Maps/TwinStickExampleMap_BuiltData.uasset'
[2019.06.17-06.12.55:756][707]LogTemp: Repeating last play command: Selected Viewport
[2019.06.17-06.12.55:782][707]LogBlueprintUserMessages: Early PlayInEditor Detection: Level '/Game/TwinStickBP/Maps/TwinStickExampleMap.TwinStickExampleMap:PersistentLevel' has LevelScriptBlueprint '/Game/TwinStickBP/Maps/TwinStickExampleMap.TwinStickExampleMap:PersistentLevel.TwinStickExampleMap' with GeneratedClass '/Game/TwinStickBP/Maps/TwinStickExampleMap.TwinStickExampleMap_C' with ClassGeneratedBy '/Game/TwinStickBP/Maps/TwinStickExampleMap.TwinStickExampleMap:PersistentLevel.TwinStickExampleMap'
[2019.06.17-06.12.55:782][707]LogPlayLevel: PlayLevel: No blueprints needed recompiling
[2019.06.17-06.12.55:783][707]PIE: New page: PIE session: TwinStickExampleMap (Jun 16, 2019, 4:12:55 PM)
[2019.06.17-06.12.55:784][707]LogPlayLevel: Creating play world package: /Game/TwinStickBP/Maps/UEDPIE_0_TwinStickExampleMap
[2019.06.17-06.12.55:801][707]LogPlayLevel: PIE: StaticDuplicateObject took: (0.016336s)
[2019.06.17-06.12.55:802][707]LogAIModule: Creating AISystem for world TwinStickExampleMap
[2019.06.17-06.12.55:802][707]LogPlayLevel: PIE: World Init took: (0.000921s)
[2019.06.17-06.12.55:802][707]LogPlayLevel: PIE: Created PIE world by copying editor world from /Game/TwinStickBP/Maps/TwinStickExampleMap.TwinStickExampleMap to /Game/TwinStickBP/Maps/UEDPIE_0_TwinStickExampleMap.TwinStickExampleMap (0.018114s)
[2019.06.17-06.12.55:884][707]LogUObjectHash: Compacting FUObjectHashTables data took   7.80ms
[2019.06.17-06.12.55:890][707]LogInit: XAudio2 using 'Speakers (Realtek High Definition Audio)' : 2 channels at 48 kHz using 32 bits per sample (channel mask 0x3)
[2019.06.17-06.12.55:907][707]LogInit: FAudioDevice initialized.
[2019.06.17-06.12.55:947][707]LogLoad: Game class is 'TwinStickGameMode_C'
[2019.06.17-06.12.55:950][707]LogWorld: Bringing World /Game/TwinStickBP/Maps/UEDPIE_0_TwinStickExampleMap.TwinStickExampleMap up for play (max tick rate 0) at 2019.06.16-23.12.55
[2019.06.17-06.12.55:951][707]LogWorld: Bringing up level for play took: 0.002687
[2019.06.17-06.12.55:966][707]PIE: Play in editor start time for /Game/TwinStickBP/Maps/UEDPIE_0_TwinStickExampleMap 0.867
[2019.06.17-06.12.55:966][707]LogBlueprintUserMessages: Late PlayInEditor Detection: Level '/Game/TwinStickBP/Maps/TwinStickExampleMap.TwinStickExampleMap:PersistentLevel' has LevelScriptBlueprint '/Game/TwinStickBP/Maps/TwinStickExampleMap.TwinStickExampleMap:PersistentLevel.TwinStickExampleMap' with GeneratedClass '/Game/TwinStickBP/Maps/TwinStickExampleMap.TwinStickExampleMap_C' with ClassGeneratedBy '/Game/TwinStickBP/Maps/TwinStickExampleMap.TwinStickExampleMap:PersistentLevel.TwinStickExampleMap'
[2019.06.17-06.12.55:967][707]LogTemp: current z 0
[2019.06.17-06.12.55:967][707]LogTemp: current z 0
[2019.06.17-06.14.46:459][759]LogBlueprintUserMessages: Early EndPlayMap Detection: Level '/Game/TwinStickBP/Maps/TwinStickExampleMap.TwinStickExampleMap:PersistentLevel' has LevelScriptBlueprint '/Game/TwinStickBP/Maps/TwinStickExampleMap.TwinStickExampleMap:PersistentLevel.TwinStickExampleMap' with GeneratedClass '/Game/TwinStickBP/Maps/TwinStickExampleMap.TwinStickExampleMap_C' with ClassGeneratedBy '/Game/TwinStickBP/Maps/TwinStickExampleMap.TwinStickExampleMap:PersistentLevel.TwinStickExampleMap'
[2019.06.17-06.14.46:461][759]LogSlate: Updating window title bar state: overlay mode, drag disabled, window buttons hidden, title bar hidden
[2019.06.17-06.14.46:550][759]LogPlayLevel: Display: Shutting down PIE online subsystems
[2019.06.17-06.14.46:551][759]LogBlueprintUserMessages: Late EndPlayMap Detection: Level '/Game/TwinStickBP/Maps/TwinStickExampleMap.TwinStickExampleMap:PersistentLevel' has LevelScriptBlueprint '/Game/TwinStickBP/Maps/TwinStickExampleMap.TwinStickExampleMap:PersistentLevel.TwinStickExampleMap' with GeneratedClass '/Game/TwinStickBP/Maps/TwinStickExampleMap.TwinStickExampleMap_C' with ClassGeneratedBy '/Game/TwinStickBP/Maps/TwinStickExampleMap.TwinStickExampleMap:PersistentLevel.TwinStickExampleMap'
[2019.06.17-06.14.46:608][759]LogSlate: Updating window title bar state: overlay mode, drag disabled, window buttons hidden, title bar hidden
[2019.06.17-06.14.46:614][759]LogUObjectHash: Compacting FUObjectHashTables data took   2.95ms
[2019.06.17-06.14.46:650][760]LogPlayLevel: Display: Destroying online subsystem :Context_8
[2019.06.17-06.14.48:240][779]LogEditorViewport: Clicking on Actor (LMB): StaticMeshActor (Obstacle20)
[2019.06.17-06.14.52:617][828]LogEditorViewport: Clicking on Actor (LMB): StaticMeshActor (Obstacle13)
[2019.06.17-06.14.55:126][855]LogSlate: FSceneViewport::OnFocusLost() reason 0
[2019.06.17-06.15.08:479][  9]LogEditorViewport: Clicking on Actor (LMB): StaticMeshActor (Obstacle20)
[2019.06.17-06.15.12:057][ 50]LogEditorViewport: Clicking on Actor (LMB): StaticMeshActor (Obstacle13)
[2019.06.17-06.15.14:802][ 80]LogSlate: FSceneViewport::OnFocusLost() reason 0
[2019.06.17-06.15.19:669][134]LogEditorViewport: Clicking on Actor (LMB): StaticMeshActor (Obstacle20)
[2019.06.17-06.15.22:668][170]LogSlate: FSceneViewport::OnFocusLost() reason 0
[2019.06.17-06.15.26:862][218]LogEditorViewport: Clicking on Actor (LMB): StaticMeshActor (Obstacle13)
[2019.06.17-06.15.29:006][242]LogEditorViewport: Clicking on Actor (LMB): StaticMeshActor (Obstacle20)
[2019.06.17-06.15.33:502][294]LogSlate: FSceneViewport::OnFocusLost() reason 0
[2019.06.17-06.15.52:271][513]LogEditorViewport: Clicking on Actor (LMB): StaticMeshActor (Obstacle13)
[2019.06.17-06.15.54:902][541]LogSlate: FSceneViewport::OnFocusLost() reason 0
[2019.06.17-06.16.41:314][ 43]LogAssetEditorManager: Opening Asset editor for StaticMesh /Game/Geometry/Meshes/1M_Cube.1M_Cube
[2019.06.17-06.17.28:692][399]LogStaticMesh: Building static mesh TwinStickUFO...
[2019.06.17-06.17.28:692][399]LogSlate: Prevented a slow task dialog from being summoned while a context menu was open
[2019.06.17-06.17.28:943][399]LogStaticMesh: Built static mesh [0.25s] /Game/TwinStick/Meshes/TwinStickUFO.TwinStickUFO
[2019.06.17-06.17.36:864][457]Cmd: OBJ SAVEPACKAGE PACKAGE="/Game/TwinStick/Meshes/TwinStickUFO" FILE="../../../../../unrealprojects/unrealprojects/FlightGame/Content/TwinStick/Meshes/TwinStickUFO.uasset" SILENT=true
[2019.06.17-06.17.36:997][457]LogSavePackage: Moving '../../../../../unrealprojects/unrealprojects/FlightGame/Saved/TwinStickUFO322F542642C4C6F29D661FABA87AD365.tmp' to '../../../../../unrealprojects/unrealprojects/FlightGame/Content/TwinStick/Meshes/TwinStickUFO.uasset'
[2019.06.17-06.17.40:422][482]LogTemp: Repeating last play command: Selected Viewport
[2019.06.17-06.17.40:440][482]LogBlueprintUserMessages: Early PlayInEditor Detection: Level '/Game/TwinStickBP/Maps/TwinStickExampleMap.TwinStickExampleMap:PersistentLevel' has LevelScriptBlueprint '/Game/TwinStickBP/Maps/TwinStickExampleMap.TwinStickExampleMap:PersistentLevel.TwinStickExampleMap' with GeneratedClass '/Game/TwinStickBP/Maps/TwinStickExampleMap.TwinStickExampleMap_C' with ClassGeneratedBy '/Game/TwinStickBP/Maps/TwinStickExampleMap.TwinStickExampleMap:PersistentLevel.TwinStickExampleMap'
[2019.06.17-06.17.40:440][482]LogPlayLevel: PlayLevel: No blueprints needed recompiling
[2019.06.17-06.17.40:440][482]PIE: New page: PIE session: TwinStickExampleMap (Jun 16, 2019, 4:17:40 PM)
[2019.06.17-06.17.40:441][482]LogPlayLevel: Creating play world package: /Game/TwinStickBP/Maps/UEDPIE_0_TwinStickExampleMap
[2019.06.17-06.17.40:458][482]LogPlayLevel: PIE: StaticDuplicateObject took: (0.016242s)
[2019.06.17-06.17.40:459][482]LogAIModule: Creating AISystem for world TwinStickExampleMap
[2019.06.17-06.17.40:460][482]LogPlayLevel: PIE: World Init took: (0.001315s)
[2019.06.17-06.17.40:460][482]LogPlayLevel: PIE: Created PIE world by copying editor world from /Game/TwinStickBP/Maps/TwinStickExampleMap.TwinStickExampleMap to /Game/TwinStickBP/Maps/UEDPIE_0_TwinStickExampleMap.TwinStickExampleMap (0.018589s)
[2019.06.17-06.17.40:599][482]LogUObjectHash: Compacting FUObjectHashTables data took   7.06ms
[2019.06.17-06.17.40:602][482]LogInit: XAudio2 using 'Speakers (Realtek High Definition Audio)' : 2 channels at 48 kHz using 32 bits per sample (channel mask 0x3)
[2019.06.17-06.17.40:623][482]LogInit: FAudioDevice initialized.
[2019.06.17-06.17.40:666][482]LogLoad: Game class is 'TwinStickGameMode_C'
[2019.06.17-06.17.40:670][482]LogWorld: Bringing World /Game/TwinStickBP/Maps/UEDPIE_0_TwinStickExampleMap.TwinStickExampleMap up for play (max tick rate 0) at 2019.06.16-23.17.40
[2019.06.17-06.17.40:671][482]LogWorld: Bringing up level for play took: 0.003621
[2019.06.17-06.17.40:688][482]PIE: Play in editor start time for /Game/TwinStickBP/Maps/UEDPIE_0_TwinStickExampleMap -0.412
[2019.06.17-06.17.40:688][482]LogBlueprintUserMessages: Late PlayInEditor Detection: Level '/Game/TwinStickBP/Maps/TwinStickExampleMap.TwinStickExampleMap:PersistentLevel' has LevelScriptBlueprint '/Game/TwinStickBP/Maps/TwinStickExampleMap.TwinStickExampleMap:PersistentLevel.TwinStickExampleMap' with GeneratedClass '/Game/TwinStickBP/Maps/TwinStickExampleMap.TwinStickExampleMap_C' with ClassGeneratedBy '/Game/TwinStickBP/Maps/TwinStickExampleMap.TwinStickExampleMap:PersistentLevel.TwinStickExampleMap'
[2019.06.17-06.17.40:689][482]LogTemp: current z 0
[2019.06.17-06.17.40:689][482]LogTemp: current z 0
[2019.06.17-06.18.29:679][836]LogBlueprintUserMessages: Early EndPlayMap Detection: Level '/Game/TwinStickBP/Maps/TwinStickExampleMap.TwinStickExampleMap:PersistentLevel' has LevelScriptBlueprint '/Game/TwinStickBP/Maps/TwinStickExampleMap.TwinStickExampleMap:PersistentLevel.TwinStickExampleMap' with GeneratedClass '/Game/TwinStickBP/Maps/TwinStickExampleMap.TwinStickExampleMap_C' with ClassGeneratedBy '/Game/TwinStickBP/Maps/TwinStickExampleMap.TwinStickExampleMap:PersistentLevel.TwinStickExampleMap'
[2019.06.17-06.18.29:680][836]LogSlate: Updating window title bar state: overlay mode, drag disabled, window buttons hidden, title bar hidden
[2019.06.17-06.18.29:752][836]LogPlayLevel: Display: Shutting down PIE online subsystems
[2019.06.17-06.18.29:752][836]LogBlueprintUserMessages: Late EndPlayMap Detection: Level '/Game/TwinStickBP/Maps/TwinStickExampleMap.TwinStickExampleMap:PersistentLevel' has LevelScriptBlueprint '/Game/TwinStickBP/Maps/TwinStickExampleMap.TwinStickExampleMap:PersistentLevel.TwinStickExampleMap' with GeneratedClass '/Game/TwinStickBP/Maps/TwinStickExampleMap.TwinStickExampleMap_C' with ClassGeneratedBy '/Game/TwinStickBP/Maps/TwinStickExampleMap.TwinStickExampleMap:PersistentLevel.TwinStickExampleMap'
[2019.06.17-06.18.29:791][836]LogSlate: Updating window title bar state: overlay mode, drag disabled, window buttons hidden, title bar hidden
[2019.06.17-06.18.29:797][836]LogUObjectHash: Compacting FUObjectHashTables data took   3.40ms
[2019.06.17-06.18.29:828][837]LogPlayLevel: Display: Destroying online subsystem :Context_10
[2019.06.17-06.18.35:138][879]LogEditorViewport: Clicking on Actor (LMB): StaticMeshActor (Obstacle13)
[2019.06.17-06.18.38:076][901]LogEditorViewport: Clicking on Actor (LMB): StaticMeshActor (Obstacle20)
[2019.06.17-06.18.42:000][931]LogEditorViewport: Clicking on Actor (LMB): StaticMeshActor (Obstacle13)
[2019.06.17-06.18.46:812][955]LogSlate: FSceneViewport::OnFocusLost() reason 2
[2019.06.17-06.19.52:186][456]Cmd: OBJ SAVEPACKAGE PACKAGE="/Game/TwinStick/Meshes/TwinStickUFO" FILE="../../../../../unrealprojects/unrealprojects/FlightGame/Content/TwinStick/Meshes/TwinStickUFO.uasset" SILENT=true
[2019.06.17-06.19.52:273][456]LogSavePackage: Moving '../../../../../unrealprojects/unrealprojects/FlightGame/Saved/TwinStickUFO10A4827D4D153932BA990980E3CA64E1.tmp' to '../../../../../unrealprojects/unrealprojects/FlightGame/Content/TwinStick/Meshes/TwinStickUFO.uasset'
[2019.06.17-06.19.56:161][483]LogTemp: Repeating last play command: Selected Viewport
[2019.06.17-06.19.56:180][483]LogBlueprintUserMessages: Early PlayInEditor Detection: Level '/Game/TwinStickBP/Maps/TwinStickExampleMap.TwinStickExampleMap:PersistentLevel' has LevelScriptBlueprint '/Game/TwinStickBP/Maps/TwinStickExampleMap.TwinStickExampleMap:PersistentLevel.TwinStickExampleMap' with GeneratedClass '/Game/TwinStickBP/Maps/TwinStickExampleMap.TwinStickExampleMap_C' with ClassGeneratedBy '/Game/TwinStickBP/Maps/TwinStickExampleMap.TwinStickExampleMap:PersistentLevel.TwinStickExampleMap'
[2019.06.17-06.19.56:180][483]LogPlayLevel: PlayLevel: No blueprints needed recompiling
[2019.06.17-06.19.56:180][483]PIE: New page: PIE session: TwinStickExampleMap (Jun 16, 2019, 4:19:56 PM)
[2019.06.17-06.19.56:181][483]LogPlayLevel: Creating play world package: /Game/TwinStickBP/Maps/UEDPIE_0_TwinStickExampleMap
[2019.06.17-06.19.56:195][483]LogPlayLevel: PIE: StaticDuplicateObject took: (0.014612s)
[2019.06.17-06.19.56:198][483]LogAIModule: Creating AISystem for world TwinStickExampleMap
[2019.06.17-06.19.56:199][483]LogPlayLevel: PIE: World Init took: (0.002717s)
[2019.06.17-06.19.56:199][483]LogPlayLevel: PIE: Created PIE world by copying editor world from /Game/TwinStickBP/Maps/TwinStickExampleMap.TwinStickExampleMap to /Game/TwinStickBP/Maps/UEDPIE_0_TwinStickExampleMap.TwinStickExampleMap (0.018601s)
[2019.06.17-06.19.56:250][483]LogUObjectHash: Compacting FUObjectHashTables data took   3.36ms
[2019.06.17-06.19.56:252][483]LogInit: XAudio2 using 'Speakers (Realtek High Definition Audio)' : 2 channels at 48 kHz using 32 bits per sample (channel mask 0x3)
[2019.06.17-06.19.56:271][483]LogInit: FAudioDevice initialized.
[2019.06.17-06.19.56:328][483]LogLoad: Game class is 'TwinStickGameMode_C'
[2019.06.17-06.19.56:330][483]LogWorld: Bringing World /Game/TwinStickBP/Maps/UEDPIE_0_TwinStickExampleMap.TwinStickExampleMap up for play (max tick rate 0) at 2019.06.16-23.19.56
[2019.06.17-06.19.56:331][483]LogWorld: Bringing up level for play took: 0.002046
[2019.06.17-06.19.56:347][483]PIE: Play in editor start time for /Game/TwinStickBP/Maps/UEDPIE_0_TwinStickExampleMap -0.752
[2019.06.17-06.19.56:347][483]LogBlueprintUserMessages: Late PlayInEditor Detection: Level '/Game/TwinStickBP/Maps/TwinStickExampleMap.TwinStickExampleMap:PersistentLevel' has LevelScriptBlueprint '/Game/TwinStickBP/Maps/TwinStickExampleMap.TwinStickExampleMap:PersistentLevel.TwinStickExampleMap' with GeneratedClass '/Game/TwinStickBP/Maps/TwinStickExampleMap.TwinStickExampleMap_C' with ClassGeneratedBy '/Game/TwinStickBP/Maps/TwinStickExampleMap.TwinStickExampleMap:PersistentLevel.TwinStickExampleMap'
[2019.06.17-06.19.56:349][483]LogTemp: current z 0
[2019.06.17-06.19.56:349][483]LogTemp: current z 0
[2019.06.17-06.20.15:057][800]LogSlate: FSceneViewport::OnFocusLost() reason 2
[2019.06.17-06.20.36:174][391]LogBlueprintUserMessages: Early EndPlayMap Detection: Level '/Game/TwinStickBP/Maps/TwinStickExampleMap.TwinStickExampleMap:PersistentLevel' has LevelScriptBlueprint '/Game/TwinStickBP/Maps/TwinStickExampleMap.TwinStickExampleMap:PersistentLevel.TwinStickExampleMap' with GeneratedClass '/Game/TwinStickBP/Maps/TwinStickExampleMap.TwinStickExampleMap_C' with ClassGeneratedBy '/Game/TwinStickBP/Maps/TwinStickExampleMap.TwinStickExampleMap:PersistentLevel.TwinStickExampleMap'
[2019.06.17-06.20.36:174][391]LogSlate: Updating window title bar state: overlay mode, drag disabled, window buttons hidden, title bar hidden
[2019.06.17-06.20.36:273][391]LogPlayLevel: Display: Shutting down PIE online subsystems
[2019.06.17-06.20.36:274][391]LogBlueprintUserMessages: Late EndPlayMap Detection: Level '/Game/TwinStickBP/Maps/TwinStickExampleMap.TwinStickExampleMap:PersistentLevel' has LevelScriptBlueprint '/Game/TwinStickBP/Maps/TwinStickExampleMap.TwinStickExampleMap:PersistentLevel.TwinStickExampleMap' with GeneratedClass '/Game/TwinStickBP/Maps/TwinStickExampleMap.TwinStickExampleMap_C' with ClassGeneratedBy '/Game/TwinStickBP/Maps/TwinStickExampleMap.TwinStickExampleMap:PersistentLevel.TwinStickExampleMap'
[2019.06.17-06.20.36:317][391]LogSlate: Updating window title bar state: overlay mode, drag disabled, window buttons hidden, title bar hidden
[2019.06.17-06.20.36:323][391]LogUObjectHash: Compacting FUObjectHashTables data took   2.71ms
[2019.06.17-06.20.36:360][392]LogPlayLevel: Display: Destroying online subsystem :Context_11
[2019.06.17-06.20.37:502][401]LogEditorViewport: Clicking on Actor (LMB): StaticMeshActor (Obstacle20)
[2019.06.17-06.20.39:770][417]LogSlate: FSceneViewport::OnFocusLost() reason 2
[2019.06.17-06.20.43:217][443]Cmd: DELETE
[2019.06.17-06.20.43:218][443]Cmd: ACTOR DELETE
[2019.06.17-06.20.43:221][443]LogEditorActor: Deleted Actor: StaticMeshActor
[2019.06.17-06.20.43:255][443]LogUObjectHash: Compacting FUObjectHashTables data took   1.96ms
[2019.06.17-06.20.43:256][443]LogEditorActor: Deleted 1 Actors (0.038 secs)
[2019.06.17-06.20.45:916][463]LogUObjectHash: Compacting FUObjectHashTables data took   0.72ms
[2019.06.17-06.20.46:210][463]LogSavePackage: Moving '../../../../../unrealprojects/unrealprojects/FlightGame/Saved/TwinStickExampleMap81FBCDD44CA0BB423EE2FF90D667A19B.tmp' to '../../../../../unrealprojects/unrealprojects/FlightGame/Content/TwinStickBP/Maps/TwinStickExampleMap.umap'
[2019.06.17-06.20.46:408][463]LogSavePackage: Moving '../../../../../unrealprojects/unrealprojects/FlightGame/Saved/TwinStickExampleMap_BuiltDataCA11815346893703307B46B6EC1A195E.tmp' to '../../../../../unrealprojects/unrealprojects/FlightGame/Content/TwinStickBP/Maps/TwinStickExampleMap_BuiltData.uasset'
[2019.06.17-06.21.11:010][637]LogAssetEditorManager: Opening Asset editor for Blueprint /Game/Behaviors/BasicFlyerController.BasicFlyerController
[2019.06.17-06.21.17:756][685]Cmd: OBJ SAVEPACKAGE PACKAGE="/Game/Behaviors/BasicFlyerController" FILE="../../../../../unrealprojects/unrealprojects/FlightGame/Content/Behaviors/BasicFlyerController.uasset" SILENT=true
[2019.06.17-06.21.17:807][685]LogSavePackage: Moving '../../../../../unrealprojects/unrealprojects/FlightGame/Saved/BasicFlyerController9A69AE99449263FC529F3A80C70D15A5.tmp' to '../../../../../unrealprojects/unrealprojects/FlightGame/Content/Behaviors/BasicFlyerController.uasset'
[2019.06.17-06.21.18:707][694]BlueprintLog: New page: Compile BasicFlyerController
[2019.06.17-06.21.18:977][694]LogUObjectHash: Compacting FUObjectHashTables data took   3.07ms
[2019.06.17-06.21.22:446][721]LogTemp: Repeating last play command: Selected Viewport
[2019.06.17-06.21.22:485][721]LogBlueprintUserMessages: Early PlayInEditor Detection: Level '/Game/TwinStickBP/Maps/TwinStickExampleMap.TwinStickExampleMap:PersistentLevel' has LevelScriptBlueprint '/Game/TwinStickBP/Maps/TwinStickExampleMap.TwinStickExampleMap:PersistentLevel.TwinStickExampleMap' with GeneratedClass '/Game/TwinStickBP/Maps/TwinStickExampleMap.TwinStickExampleMap_C' with ClassGeneratedBy '/Game/TwinStickBP/Maps/TwinStickExampleMap.TwinStickExampleMap:PersistentLevel.TwinStickExampleMap'
[2019.06.17-06.21.22:485][721]LogPlayLevel: PlayLevel: No blueprints needed recompiling
[2019.06.17-06.21.22:486][721]PIE: New page: PIE session: TwinStickExampleMap (Jun 16, 2019, 4:21:22 PM)
[2019.06.17-06.21.22:486][721]LogPlayLevel: Creating play world package: /Game/TwinStickBP/Maps/UEDPIE_0_TwinStickExampleMap
[2019.06.17-06.21.22:495][721]LogPlayLevel: PIE: StaticDuplicateObject took: (0.009121s)
[2019.06.17-06.21.22:497][721]LogAIModule: Creating AISystem for world TwinStickExampleMap
[2019.06.17-06.21.22:498][721]LogPlayLevel: PIE: World Init took: (0.001704s)
[2019.06.17-06.21.22:498][721]LogPlayLevel: PIE: Created PIE world by copying editor world from /Game/TwinStickBP/Maps/TwinStickExampleMap.TwinStickExampleMap to /Game/TwinStickBP/Maps/UEDPIE_0_TwinStickExampleMap.TwinStickExampleMap (0.011753s)
[2019.06.17-06.21.22:554][721]LogUObjectHash: Compacting FUObjectHashTables data took   4.59ms
[2019.06.17-06.21.22:560][721]LogInit: XAudio2 using 'Speakers (Realtek High Definition Audio)' : 2 channels at 48 kHz using 32 bits per sample (channel mask 0x3)
[2019.06.17-06.21.22:580][721]LogInit: FAudioDevice initialized.
[2019.06.17-06.21.22:634][721]LogLoad: Game class is 'TwinStickGameMode_C'
[2019.06.17-06.21.22:638][721]LogWorld: Bringing World /Game/TwinStickBP/Maps/UEDPIE_0_TwinStickExampleMap.TwinStickExampleMap up for play (max tick rate 0) at 2019.06.16-23.21.22
[2019.06.17-06.21.22:640][721]LogWorld: Bringing up level for play took: 0.003982
[2019.06.17-06.21.22:665][721]PIE: Play in editor start time for /Game/TwinStickBP/Maps/UEDPIE_0_TwinStickExampleMap -0.434
[2019.06.17-06.21.22:665][721]LogBlueprintUserMessages: Late PlayInEditor Detection: Level '/Game/TwinStickBP/Maps/TwinStickExampleMap.TwinStickExampleMap:PersistentLevel' has LevelScriptBlueprint '/Game/TwinStickBP/Maps/TwinStickExampleMap.TwinStickExampleMap:PersistentLevel.TwinStickExampleMap' with GeneratedClass '/Game/TwinStickBP/Maps/TwinStickExampleMap.TwinStickExampleMap_C' with ClassGeneratedBy '/Game/TwinStickBP/Maps/TwinStickExampleMap.TwinStickExampleMap:PersistentLevel.TwinStickExampleMap'
[2019.06.17-06.21.22:666][721]LogTemp: current z 0
[2019.06.17-06.21.22:666][721]LogTemp: current z 0
[2019.06.17-06.21.22:666][721]LogTemp: current z 0
[2019.06.17-06.21.25:554][791]LogTemp: current z -536870912
[2019.06.17-06.21.28:474][869]LogTemp: current z -1610612736
[2019.06.17-06.21.33:231][  2]LogBlueprintUserMessages: Early EndPlayMap Detection: Level '/Game/TwinStickBP/Maps/TwinStickExampleMap.TwinStickExampleMap:PersistentLevel' has LevelScriptBlueprint '/Game/TwinStickBP/Maps/TwinStickExampleMap.TwinStickExampleMap:PersistentLevel.TwinStickExampleMap' with GeneratedClass '/Game/TwinStickBP/Maps/TwinStickExampleMap.TwinStickExampleMap_C' with ClassGeneratedBy '/Game/TwinStickBP/Maps/TwinStickExampleMap.TwinStickExampleMap:PersistentLevel.TwinStickExampleMap'
[2019.06.17-06.21.33:231][  2]LogSlate: Updating window title bar state: overlay mode, drag disabled, window buttons hidden, title bar hidden
[2019.06.17-06.21.33:322][  2]LogPlayLevel: Display: Shutting down PIE online subsystems
[2019.06.17-06.21.33:322][  2]LogBlueprintUserMessages: Late EndPlayMap Detection: Level '/Game/TwinStickBP/Maps/TwinStickExampleMap.TwinStickExampleMap:PersistentLevel' has LevelScriptBlueprint '/Game/TwinStickBP/Maps/TwinStickExampleMap.TwinStickExampleMap:PersistentLevel.TwinStickExampleMap' with GeneratedClass '/Game/TwinStickBP/Maps/TwinStickExampleMap.TwinStickExampleMap_C' with ClassGeneratedBy '/Game/TwinStickBP/Maps/TwinStickExampleMap.TwinStickExampleMap:PersistentLevel.TwinStickExampleMap'
[2019.06.17-06.21.33:364][  2]LogSlate: Updating window title bar state: overlay mode, drag disabled, window buttons hidden, title bar hidden
[2019.06.17-06.21.33:368][  2]LogUObjectHash: Compacting FUObjectHashTables data took   2.27ms
[2019.06.17-06.21.33:393][  3]LogPlayLevel: Display: Destroying online subsystem :Context_13
[2019.06.17-06.21.42:057][ 72]LogSlate: FSceneViewport::OnFocusLost() reason 0
[2019.06.17-06.21.42:476][ 73]LogUObjectHash: Compacting FUObjectHashTables data took   0.74ms
[2019.06.17-06.21.42:767][ 73]LogSavePackage: Moving '../../../../../unrealprojects/unrealprojects/FlightGame/Saved/TwinStickExampleMapB642A0814545E5C95CE1E5AA171597C4.tmp' to '../../../../../unrealprojects/unrealprojects/FlightGame/Content/TwinStickBP/Maps/TwinStickExampleMap.umap'
[2019.06.17-06.21.42:921][ 73]LogSavePackage: Moving '../../../../../unrealprojects/unrealprojects/FlightGame/Saved/TwinStickExampleMap_BuiltDataF5F1ACD94F9FEC5E3D74B58921B5B393.tmp' to '../../../../../unrealprojects/unrealprojects/FlightGame/Content/TwinStickBP/Maps/TwinStickExampleMap_BuiltData.uasset'
[2019.06.17-06.21.54:485][163]LogUObjectHash: Compacting FUObjectHashTables data took   2.53ms
[2019.06.17-06.21.54:716][163]Cmd: OBJ SAVEPACKAGE PACKAGE="/Game/Entities/BaseFlyingEntity" FILE="../../../../../unrealprojects/unrealprojects/FlightGame/Content/Entities/BaseFlyingEntity.uasset" SILENT=true
[2019.06.17-06.21.54:796][163]LogSavePackage: Moving '../../../../../unrealprojects/unrealprojects/FlightGame/Saved/BaseFlyingEntity6662DB6642FF260CA95A5AAA33AA07E6.tmp' to '../../../../../unrealprojects/unrealprojects/FlightGame/Content/Entities/BaseFlyingEntity.uasset'
[2019.06.17-06.21.54:922][163]LogSavePackage: Moving '../../../../../unrealprojects/unrealprojects/FlightGame/Saved/FlyingPawnBlueprintFA9810E043AA61BE8C4F34999A8AC2DD.tmp' to '../../../../../unrealprojects/unrealprojects/FlightGame/Content/TwinStickBP/Blueprints/FlyingPawnBlueprint.uasset'
